03 Nov 2020 | 07:35:39,202 | INFO  | main | bootLogger |     | SmartFoxServer 2X
03 Nov 2020 | 07:35:39,204 | INFO  | main | bootLogger |     | BitSwarmEngine version: 3.60.0 { main }
03 Nov 2020 | 07:35:39,206 | INFO  | main | bootLogger |     | System Info:
	Processor(s): 4
	VM Max. memory: 1795MB
	os.name: Linux
	os.arch: amd64
	os.version: 5.4.0-52-generic
	java.version: 1.8.0_222
	java.vendor: AdoptOpenJDK
	java.vendor.url: http://java.oracle.com/
	java.vm.specification.version: 1.8
	java.vm.version: 25.222-b10
	java.vm.vendor: AdoptOpenJDK
	java.vm.name: OpenJDK 64-Bit Server VM
	java.io.tmpdir: /tmp
	Default charset: UTF-8

03 Nov 2020 | 07:35:39,207 | INFO  | main | bootLogger |     | Network Info:
	Card: docker0
		 ->172.17.0.1
	Card: br-afa169176c3e
		 ->fe80:0:0:0:42:cff:fedc:e5e1%br-afa169176c3e
		 ->172.18.0.1
	Card: wlp2s0
		 ->fe80:0:0:0:4f64:350e:7df8:8b3b%wlp2s0
		 ->2409:4072:6116:db7f:f812:38fa:bad6:de65%wlp2s0
		 ->2409:4072:6116:db7f:50d1:13f7:a97c:15f9%wlp2s0
		 ->172.20.10.2
	Card: lo
		 ->0:0:0:0:0:0:0:1%lo
		 ->127.0.0.1

03 Nov 2020 | 07:35:39,215 | INFO  | main | bootLogger |     | Session manager ready: com.smartfoxserver.bitswarm.sessions.DefaultSessionManager@7cea0110
03 Nov 2020 | 07:35:39,231 | INFO  | main | bootLogger |     | TCP Selector opened
03 Nov 2020 | 07:35:39,243 | INFO  | main | bootLogger |     | UDP Selector opened
03 Nov 2020 | 07:35:39,247 | INFO  | main | bootLogger |     | AcceptSelector opened
03 Nov 2020 | 07:35:39,265 | INFO  | main | bootLogger |     | Added bound tcp socket --> 0.0.0.0:9933
03 Nov 2020 | 07:35:39,272 | INFO  | main | bootLogger |     | Added bound udp socket --> 127.0.0.1:9933
03 Nov 2020 | 07:35:39,277 | INFO  | Scheduler1-thread-1 | bootLogger |     | Scheduler started: scheduler
03 Nov 2020 | 07:35:39,277 | INFO  | main | bootLogger |     | Controller started: com.smartfoxserver.v2.controllers.v290.SystemReqController 
03 Nov 2020 | 07:35:39,282 | INFO  | main | bootLogger |     | Controller started: com.smartfoxserver.v2.controllers.v290.ExtensionReqController 
03 Nov 2020 | 07:35:39,283 | INFO  | main | bootLogger |     | Controller started: com.smartfoxserver.v2.controllers.v290.SmasherReqController 
03 Nov 2020 | 07:35:39,294 | INFO  | main | bootLogger |     | Socket Writer started (pool size:3)
03 Nov 2020 | 07:35:39,296 | INFO  | main | bootLogger |     | Security Manager started
03 Nov 2020 | 07:35:39,301 | INFO  | main | bootLogger |     | DatagramReader started
03 Nov 2020 | 07:35:39,305 | INFO  | main | bootLogger |     | IOHandler: com.smartfoxserver.v2.protocol.SFSIoHandler@6a638c79
03 Nov 2020 | 07:35:39,305 | INFO  | main | bootLogger |     | SocketReader started
03 Nov 2020 | 07:35:39,305 | INFO  | main | bootLogger |     | SocketAcceptor initialized
03 Nov 2020 | 07:35:39,305 | INFO  | main | bootLogger |     | [[[ ===--- Boot sequence complete ---=== ]]]
03 Nov 2020 | 10:58:02,449 | INFO  | main | bootLogger |     | SmartFoxServer 2X
03 Nov 2020 | 10:58:02,450 | INFO  | main | bootLogger |     | BitSwarmEngine version: 3.60.0 { main }
03 Nov 2020 | 10:58:02,451 | INFO  | main | bootLogger |     | System Info:
	Processor(s): 4
	VM Max. memory: 1795MB
	os.name: Linux
	os.arch: amd64
	os.version: 5.4.0-52-generic
	java.version: 1.8.0_222
	java.vendor: AdoptOpenJDK
	java.vendor.url: http://java.oracle.com/
	java.vm.specification.version: 1.8
	java.vm.version: 25.222-b10
	java.vm.vendor: AdoptOpenJDK
	java.vm.name: OpenJDK 64-Bit Server VM
	java.io.tmpdir: /tmp
	Default charset: UTF-8

03 Nov 2020 | 10:58:02,452 | INFO  | main | bootLogger |     | Network Info:
	Card: docker0
		 ->172.17.0.1
	Card: br-afa169176c3e
		 ->fe80:0:0:0:42:cff:fedc:e5e1%br-afa169176c3e
		 ->172.18.0.1
	Card: wlp2s0
		 ->fe80:0:0:0:4f64:350e:7df8:8b3b%wlp2s0
		 ->2409:4072:6116:db7f:f812:38fa:bad6:de65%wlp2s0
		 ->2409:4072:6116:db7f:50d1:13f7:a97c:15f9%wlp2s0
		 ->172.20.10.2
	Card: lo
		 ->0:0:0:0:0:0:0:1%lo
		 ->127.0.0.1

03 Nov 2020 | 10:58:02,457 | INFO  | main | bootLogger |     | Session manager ready: com.smartfoxserver.bitswarm.sessions.DefaultSessionManager@5524cca1
03 Nov 2020 | 10:58:02,465 | INFO  | main | bootLogger |     | TCP Selector opened
03 Nov 2020 | 10:58:02,471 | INFO  | main | bootLogger |     | UDP Selector opened
03 Nov 2020 | 10:58:02,473 | INFO  | main | bootLogger |     | AcceptSelector opened
03 Nov 2020 | 10:58:02,486 | INFO  | main | bootLogger |     | Added bound tcp socket --> 0.0.0.0:9933
03 Nov 2020 | 10:58:02,488 | WARN  | main | bootLogger |     | Was not able to bind socket: { 134.209.157.57:9933, (Udp) }
03 Nov 2020 | 10:58:02,489 | INFO  | main | bootLogger |     | Controller started: com.smartfoxserver.v2.controllers.v290.SystemReqController 
03 Nov 2020 | 10:58:02,489 | INFO  | Scheduler1-thread-1 | bootLogger |     | Scheduler started: scheduler
03 Nov 2020 | 10:58:02,489 | INFO  | main | bootLogger |     | Controller started: com.smartfoxserver.v2.controllers.v290.ExtensionReqController 
03 Nov 2020 | 10:58:02,490 | INFO  | main | bootLogger |     | Controller started: com.smartfoxserver.v2.controllers.v290.SmasherReqController 
03 Nov 2020 | 10:58:02,491 | INFO  | main | bootLogger |     | Socket Writer started (pool size:3)
03 Nov 2020 | 10:58:02,492 | INFO  | main | bootLogger |     | Security Manager started
03 Nov 2020 | 10:58:02,495 | INFO  | main | bootLogger |     | DatagramReader started
03 Nov 2020 | 10:58:02,496 | INFO  | main | bootLogger |     | IOHandler: com.smartfoxserver.v2.protocol.SFSIoHandler@5745ca0e
03 Nov 2020 | 10:58:02,496 | INFO  | main | bootLogger |     | SocketReader started
03 Nov 2020 | 10:58:02,498 | INFO  | main | bootLogger |     | SocketAcceptor initialized
03 Nov 2020 | 10:58:02,498 | INFO  | main | bootLogger |     | [[[ ===--- Boot sequence complete ---=== ]]]
03 Nov 2020 | 11:10:52,494 | INFO  | main | bootLogger |     | SmartFoxServer 2X
03 Nov 2020 | 11:10:52,495 | INFO  | main | bootLogger |     | BitSwarmEngine version: 3.60.0 { main }
03 Nov 2020 | 11:10:52,496 | INFO  | main | bootLogger |     | System Info:
	Processor(s): 4
	VM Max. memory: 1795MB
	os.name: Linux
	os.arch: amd64
	os.version: 5.4.0-52-generic
	java.version: 1.8.0_222
	java.vendor: AdoptOpenJDK
	java.vendor.url: http://java.oracle.com/
	java.vm.specification.version: 1.8
	java.vm.version: 25.222-b10
	java.vm.vendor: AdoptOpenJDK
	java.vm.name: OpenJDK 64-Bit Server VM
	java.io.tmpdir: /tmp
	Default charset: UTF-8

03 Nov 2020 | 11:10:52,497 | INFO  | main | bootLogger |     | Network Info:
	Card: docker0
		 ->172.17.0.1
	Card: br-afa169176c3e
		 ->fe80:0:0:0:42:cff:fedc:e5e1%br-afa169176c3e
		 ->172.18.0.1
	Card: wlp2s0
		 ->fe80:0:0:0:4f64:350e:7df8:8b3b%wlp2s0
		 ->2409:4072:6116:db7f:f812:38fa:bad6:de65%wlp2s0
		 ->2409:4072:6116:db7f:50d1:13f7:a97c:15f9%wlp2s0
		 ->172.20.10.2
	Card: lo
		 ->0:0:0:0:0:0:0:1%lo
		 ->127.0.0.1

03 Nov 2020 | 11:10:52,502 | INFO  | main | bootLogger |     | Session manager ready: com.smartfoxserver.bitswarm.sessions.DefaultSessionManager@5524cca1
03 Nov 2020 | 11:10:52,511 | INFO  | main | bootLogger |     | TCP Selector opened
03 Nov 2020 | 11:10:52,517 | INFO  | main | bootLogger |     | UDP Selector opened
03 Nov 2020 | 11:10:52,520 | INFO  | main | bootLogger |     | AcceptSelector opened
03 Nov 2020 | 11:10:52,531 | WARN  | main | bootLogger |     | Was not able to bind socket: { 134.209.157.57:9944, (Tcp) }
03 Nov 2020 | 11:10:52,533 | WARN  | main | bootLogger |     | Was not able to bind socket: { 134.209.157.57:9933, (Udp) }
03 Nov 2020 | 11:10:52,534 | INFO  | Scheduler1-thread-1 | bootLogger |     | Scheduler started: scheduler
03 Nov 2020 | 11:10:52,534 | INFO  | main | bootLogger |     | Controller started: com.smartfoxserver.v2.controllers.v290.SystemReqController 
03 Nov 2020 | 11:10:52,534 | INFO  | main | bootLogger |     | Controller started: com.smartfoxserver.v2.controllers.v290.ExtensionReqController 
03 Nov 2020 | 11:10:52,535 | INFO  | main | bootLogger |     | Controller started: com.smartfoxserver.v2.controllers.v290.SmasherReqController 
03 Nov 2020 | 11:10:52,535 | INFO  | main | bootLogger |     | Socket Writer started (pool size:3)
03 Nov 2020 | 11:10:52,536 | INFO  | main | bootLogger |     | Security Manager started
03 Nov 2020 | 11:10:52,538 | INFO  | main | bootLogger |     | DatagramReader started
03 Nov 2020 | 11:10:52,539 | INFO  | main | bootLogger |     | IOHandler: com.smartfoxserver.v2.protocol.SFSIoHandler@673fdbce
03 Nov 2020 | 11:10:52,539 | INFO  | main | bootLogger |     | SocketReader started
03 Nov 2020 | 11:10:52,540 | INFO  | main | bootLogger |     | SocketAcceptor initialized
03 Nov 2020 | 11:10:52,541 | ERROR | main | bootLogger |     | No bound sockets! Check the boot logs for possible problems!
03 Nov 2020 | 11:10:52,541 | INFO  | main | bootLogger |     | [[[ ===--- Boot sequence complete ---=== ]]]
03 Nov 2020 | 16:34:31,609 | INFO  | main | bootLogger |     | SmartFoxServer 2X
03 Nov 2020 | 16:34:31,611 | INFO  | main | bootLogger |     | BitSwarmEngine version: 3.60.0 { main }
03 Nov 2020 | 16:34:31,612 | INFO  | main | bootLogger |     | System Info:
	Processor(s): 4
	VM Max. memory: 1795MB
	os.name: Linux
	os.arch: amd64
	os.version: 5.4.0-52-generic
	java.version: 1.8.0_222
	java.vendor: AdoptOpenJDK
	java.vendor.url: http://java.oracle.com/
	java.vm.specification.version: 1.8
	java.vm.version: 25.222-b10
	java.vm.vendor: AdoptOpenJDK
	java.vm.name: OpenJDK 64-Bit Server VM
	java.io.tmpdir: /tmp
	Default charset: UTF-8

03 Nov 2020 | 16:34:31,614 | INFO  | main | bootLogger |     | Network Info:
	Card: docker0
		 ->fe80:0:0:0:42:6ff:fe31:8487%docker0
		 ->172.17.0.1
	Card: br-afa169176c3e
		 ->fe80:0:0:0:42:cff:fedc:e5e1%br-afa169176c3e
		 ->172.18.0.1
	Card: wlp2s0
		 ->fe80:0:0:0:4f64:350e:7df8:8b3b%wlp2s0
		 ->2409:4072:6116:db7f:f812:38fa:bad6:de65%wlp2s0
		 ->2409:4072:6116:db7f:50d1:13f7:a97c:15f9%wlp2s0
		 ->172.20.10.2
	Card: lo
		 ->0:0:0:0:0:0:0:1%lo
		 ->127.0.0.1

03 Nov 2020 | 16:34:31,621 | INFO  | main | bootLogger |     | Session manager ready: com.smartfoxserver.bitswarm.sessions.DefaultSessionManager@5524cca1
03 Nov 2020 | 16:34:31,630 | INFO  | main | bootLogger |     | TCP Selector opened
03 Nov 2020 | 16:34:31,635 | INFO  | main | bootLogger |     | UDP Selector opened
03 Nov 2020 | 16:34:31,638 | INFO  | main | bootLogger |     | AcceptSelector opened
03 Nov 2020 | 16:34:31,648 | WARN  | main | bootLogger |     | Was not able to bind socket: { 134.209.157.57:9944, (Tcp) }
03 Nov 2020 | 16:34:31,651 | WARN  | main | bootLogger |     | Was not able to bind socket: { 134.209.157.57:9933, (Udp) }
03 Nov 2020 | 16:34:31,652 | INFO  | main | bootLogger |     | Controller started: com.smartfoxserver.v2.controllers.v290.SystemReqController 
03 Nov 2020 | 16:34:31,652 | INFO  | Scheduler1-thread-1 | bootLogger |     | Scheduler started: scheduler
03 Nov 2020 | 16:34:31,652 | INFO  | main | bootLogger |     | Controller started: com.smartfoxserver.v2.controllers.v290.ExtensionReqController 
03 Nov 2020 | 16:34:31,652 | INFO  | main | bootLogger |     | Controller started: com.smartfoxserver.v2.controllers.v290.SmasherReqController 
03 Nov 2020 | 16:34:31,655 | INFO  | main | bootLogger |     | Socket Writer started (pool size:3)
03 Nov 2020 | 16:34:31,656 | INFO  | main | bootLogger |     | Security Manager started
03 Nov 2020 | 16:34:31,658 | INFO  | main | bootLogger |     | DatagramReader started
03 Nov 2020 | 16:34:31,659 | INFO  | main | bootLogger |     | IOHandler: com.smartfoxserver.v2.protocol.SFSIoHandler@673fdbce
03 Nov 2020 | 16:34:31,659 | INFO  | main | bootLogger |     | SocketReader started
03 Nov 2020 | 16:34:31,661 | INFO  | main | bootLogger |     | SocketAcceptor initialized
03 Nov 2020 | 16:34:31,661 | ERROR | main | bootLogger |     | No bound sockets! Check the boot logs for possible problems!
03 Nov 2020 | 16:34:31,661 | INFO  | main | bootLogger |     | [[[ ===--- Boot sequence complete ---=== ]]]
03 Nov 2020 | 16:35:35,910 | INFO  | main | bootLogger |     | SmartFoxServer 2X
03 Nov 2020 | 16:35:35,911 | INFO  | main | bootLogger |     | BitSwarmEngine version: 3.60.0 { main }
03 Nov 2020 | 16:35:35,912 | INFO  | main | bootLogger |     | System Info:
	Processor(s): 4
	VM Max. memory: 1795MB
	os.name: Linux
	os.arch: amd64
	os.version: 5.4.0-52-generic
	java.version: 1.8.0_222
	java.vendor: AdoptOpenJDK
	java.vendor.url: http://java.oracle.com/
	java.vm.specification.version: 1.8
	java.vm.version: 25.222-b10
	java.vm.vendor: AdoptOpenJDK
	java.vm.name: OpenJDK 64-Bit Server VM
	java.io.tmpdir: /tmp
	Default charset: UTF-8

03 Nov 2020 | 16:35:35,914 | INFO  | main | bootLogger |     | Network Info:
	Card: docker0
		 ->fe80:0:0:0:42:6ff:fe31:8487%docker0
		 ->172.17.0.1
	Card: br-afa169176c3e
		 ->fe80:0:0:0:42:cff:fedc:e5e1%br-afa169176c3e
		 ->172.18.0.1
	Card: wlp2s0
		 ->fe80:0:0:0:4f64:350e:7df8:8b3b%wlp2s0
		 ->2409:4072:6116:db7f:f812:38fa:bad6:de65%wlp2s0
		 ->2409:4072:6116:db7f:50d1:13f7:a97c:15f9%wlp2s0
		 ->172.20.10.2
	Card: lo
		 ->0:0:0:0:0:0:0:1%lo
		 ->127.0.0.1

03 Nov 2020 | 16:35:35,922 | INFO  | main | bootLogger |     | Session manager ready: com.smartfoxserver.bitswarm.sessions.DefaultSessionManager@5524cca1
03 Nov 2020 | 16:35:35,928 | INFO  | main | bootLogger |     | TCP Selector opened
03 Nov 2020 | 16:35:35,933 | INFO  | main | bootLogger |     | UDP Selector opened
03 Nov 2020 | 16:35:35,936 | INFO  | main | bootLogger |     | AcceptSelector opened
03 Nov 2020 | 16:35:35,946 | INFO  | main | bootLogger |     | Added bound tcp socket --> 0.0.0.0:9933
03 Nov 2020 | 16:35:35,948 | WARN  | main | bootLogger |     | Was not able to bind socket: { 134.209.157.57:9933, (Udp) }
03 Nov 2020 | 16:35:35,949 | INFO  | Scheduler1-thread-1 | bootLogger |     | Scheduler started: scheduler
03 Nov 2020 | 16:35:35,949 | INFO  | main | bootLogger |     | Controller started: com.smartfoxserver.v2.controllers.v290.SystemReqController 
03 Nov 2020 | 16:35:35,950 | INFO  | main | bootLogger |     | Controller started: com.smartfoxserver.v2.controllers.v290.ExtensionReqController 
03 Nov 2020 | 16:35:35,950 | INFO  | main | bootLogger |     | Controller started: com.smartfoxserver.v2.controllers.v290.SmasherReqController 
03 Nov 2020 | 16:35:35,957 | INFO  | main | bootLogger |     | Socket Writer started (pool size:3)
03 Nov 2020 | 16:35:35,959 | INFO  | main | bootLogger |     | Security Manager started
03 Nov 2020 | 16:35:35,962 | INFO  | main | bootLogger |     | DatagramReader started
03 Nov 2020 | 16:35:35,965 | INFO  | main | bootLogger |     | IOHandler: com.smartfoxserver.v2.protocol.SFSIoHandler@5745ca0e
03 Nov 2020 | 16:35:35,965 | INFO  | main | bootLogger |     | SocketReader started
03 Nov 2020 | 16:35:35,965 | INFO  | main | bootLogger |     | SocketAcceptor initialized
03 Nov 2020 | 16:35:35,966 | INFO  | main | bootLogger |     | [[[ ===--- Boot sequence complete ---=== ]]]
03 Nov 2020 | 16:35:51,536 | INFO  | main | bootLogger |     | SmartFoxServer 2X
03 Nov 2020 | 16:35:51,538 | INFO  | main | bootLogger |     | BitSwarmEngine version: 3.60.0 { main }
03 Nov 2020 | 16:35:51,539 | INFO  | main | bootLogger |     | System Info:
	Processor(s): 4
	VM Max. memory: 1795MB
	os.name: Linux
	os.arch: amd64
	os.version: 5.4.0-52-generic
	java.version: 1.8.0_222
	java.vendor: AdoptOpenJDK
	java.vendor.url: http://java.oracle.com/
	java.vm.specification.version: 1.8
	java.vm.version: 25.222-b10
	java.vm.vendor: AdoptOpenJDK
	java.vm.name: OpenJDK 64-Bit Server VM
	java.io.tmpdir: /tmp
	Default charset: UTF-8

03 Nov 2020 | 16:35:51,540 | INFO  | main | bootLogger |     | Network Info:
	Card: docker0
		 ->fe80:0:0:0:42:6ff:fe31:8487%docker0
		 ->172.17.0.1
	Card: br-afa169176c3e
		 ->fe80:0:0:0:42:cff:fedc:e5e1%br-afa169176c3e
		 ->172.18.0.1
	Card: wlp2s0
		 ->fe80:0:0:0:4f64:350e:7df8:8b3b%wlp2s0
		 ->2409:4072:6116:db7f:f812:38fa:bad6:de65%wlp2s0
		 ->2409:4072:6116:db7f:50d1:13f7:a97c:15f9%wlp2s0
		 ->172.20.10.2
	Card: lo
		 ->0:0:0:0:0:0:0:1%lo
		 ->127.0.0.1

03 Nov 2020 | 16:35:51,547 | INFO  | main | bootLogger |     | Session manager ready: com.smartfoxserver.bitswarm.sessions.DefaultSessionManager@5524cca1
03 Nov 2020 | 16:35:51,555 | INFO  | main | bootLogger |     | TCP Selector opened
03 Nov 2020 | 16:35:51,563 | INFO  | main | bootLogger |     | UDP Selector opened
03 Nov 2020 | 16:35:51,567 | INFO  | main | bootLogger |     | AcceptSelector opened
03 Nov 2020 | 16:35:51,579 | INFO  | main | bootLogger |     | Added bound tcp socket --> 0.0.0.0:9933
03 Nov 2020 | 16:35:51,582 | WARN  | main | bootLogger |     | Was not able to bind socket: { 134.209.157.57:9933, (Udp) }
03 Nov 2020 | 16:35:51,585 | INFO  | Scheduler1-thread-1 | bootLogger |     | Scheduler started: scheduler
03 Nov 2020 | 16:35:51,585 | INFO  | main | bootLogger |     | Controller started: com.smartfoxserver.v2.controllers.v290.SystemReqController 
03 Nov 2020 | 16:35:51,586 | INFO  | main | bootLogger |     | Controller started: com.smartfoxserver.v2.controllers.v290.ExtensionReqController 
03 Nov 2020 | 16:35:51,586 | INFO  | main | bootLogger |     | Controller started: com.smartfoxserver.v2.controllers.v290.SmasherReqController 
03 Nov 2020 | 16:35:51,589 | INFO  | main | bootLogger |     | Socket Writer started (pool size:3)
03 Nov 2020 | 16:35:51,590 | INFO  | main | bootLogger |     | Security Manager started
03 Nov 2020 | 16:35:51,609 | INFO  | main | bootLogger |     | DatagramReader started
03 Nov 2020 | 16:35:51,610 | INFO  | main | bootLogger |     | IOHandler: com.smartfoxserver.v2.protocol.SFSIoHandler@5745ca0e
03 Nov 2020 | 16:35:51,610 | INFO  | main | bootLogger |     | SocketReader started
03 Nov 2020 | 16:35:51,610 | INFO  | main | bootLogger |     | SocketAcceptor initialized
03 Nov 2020 | 16:35:51,610 | INFO  | main | bootLogger |     | [[[ ===--- Boot sequence complete ---=== ]]]
03 Nov 2020 | 16:36:47,664 | INFO  | main | bootLogger |     | SmartFoxServer 2X
03 Nov 2020 | 16:36:47,666 | INFO  | main | bootLogger |     | BitSwarmEngine version: 3.60.0 { main }
03 Nov 2020 | 16:36:47,667 | INFO  | main | bootLogger |     | System Info:
	Processor(s): 4
	VM Max. memory: 1795MB
	os.name: Linux
	os.arch: amd64
	os.version: 5.4.0-52-generic
	java.version: 1.8.0_222
	java.vendor: AdoptOpenJDK
	java.vendor.url: http://java.oracle.com/
	java.vm.specification.version: 1.8
	java.vm.version: 25.222-b10
	java.vm.vendor: AdoptOpenJDK
	java.vm.name: OpenJDK 64-Bit Server VM
	java.io.tmpdir: /tmp
	Default charset: UTF-8

03 Nov 2020 | 16:36:47,668 | INFO  | main | bootLogger |     | Network Info:
	Card: docker0
		 ->fe80:0:0:0:42:6ff:fe31:8487%docker0
		 ->172.17.0.1
	Card: br-afa169176c3e
		 ->fe80:0:0:0:42:cff:fedc:e5e1%br-afa169176c3e
		 ->172.18.0.1
	Card: wlp2s0
		 ->fe80:0:0:0:4f64:350e:7df8:8b3b%wlp2s0
		 ->2409:4072:6116:db7f:f812:38fa:bad6:de65%wlp2s0
		 ->2409:4072:6116:db7f:50d1:13f7:a97c:15f9%wlp2s0
		 ->172.20.10.2
	Card: lo
		 ->0:0:0:0:0:0:0:1%lo
		 ->127.0.0.1

03 Nov 2020 | 16:36:47,676 | INFO  | main | bootLogger |     | Session manager ready: com.smartfoxserver.bitswarm.sessions.DefaultSessionManager@5524cca1
03 Nov 2020 | 16:36:47,688 | INFO  | main | bootLogger |     | TCP Selector opened
03 Nov 2020 | 16:36:47,695 | INFO  | main | bootLogger |     | UDP Selector opened
03 Nov 2020 | 16:36:47,698 | INFO  | main | bootLogger |     | AcceptSelector opened
03 Nov 2020 | 16:36:47,707 | INFO  | main | bootLogger |     | Added bound tcp socket --> 0.0.0.0:9933
03 Nov 2020 | 16:36:47,710 | INFO  | main | bootLogger |     | Added bound udp socket --> 127.0.0.1:9933
03 Nov 2020 | 16:36:47,711 | INFO  | Scheduler1-thread-1 | bootLogger |     | Scheduler started: scheduler
03 Nov 2020 | 16:36:47,711 | INFO  | main | bootLogger |     | Controller started: com.smartfoxserver.v2.controllers.v290.SystemReqController 
03 Nov 2020 | 16:36:47,712 | INFO  | main | bootLogger |     | Controller started: com.smartfoxserver.v2.controllers.v290.ExtensionReqController 
03 Nov 2020 | 16:36:47,712 | INFO  | main | bootLogger |     | Controller started: com.smartfoxserver.v2.controllers.v290.SmasherReqController 
03 Nov 2020 | 16:36:47,714 | INFO  | main | bootLogger |     | Socket Writer started (pool size:3)
03 Nov 2020 | 16:36:47,715 | INFO  | main | bootLogger |     | Security Manager started
03 Nov 2020 | 16:36:47,717 | INFO  | main | bootLogger |     | DatagramReader started
03 Nov 2020 | 16:36:47,719 | INFO  | main | bootLogger |     | IOHandler: com.smartfoxserver.v2.protocol.SFSIoHandler@17bffc17
03 Nov 2020 | 16:36:47,719 | INFO  | main | bootLogger |     | SocketReader started
03 Nov 2020 | 16:36:47,721 | INFO  | main | bootLogger |     | SocketAcceptor initialized
03 Nov 2020 | 16:36:47,722 | INFO  | main | bootLogger |     | [[[ ===--- Boot sequence complete ---=== ]]]
