28-Oct-2020 22:45:00.775 INFO [main] org.apache.catalina.startup.VersionLoggerListener.log Server version name:   Apache Tomcat/9.0.22
28-Oct-2020 22:45:00.775 INFO [main] org.apache.catalina.startup.VersionLoggerListener.log Server built:          Jul 4 2019 14:20:06 UTC
28-Oct-2020 22:45:00.776 INFO [main] org.apache.catalina.startup.VersionLoggerListener.log Server version number: 9.0.22.0
28-Oct-2020 22:45:00.776 INFO [main] org.apache.catalina.startup.VersionLoggerListener.log OS Name:               Linux
28-Oct-2020 22:45:00.776 INFO [main] org.apache.catalina.startup.VersionLoggerListener.log OS Version:            5.4.0-52-generic
28-Oct-2020 22:45:00.776 INFO [main] org.apache.catalina.startup.VersionLoggerListener.log Architecture:          amd64
28-Oct-2020 22:45:00.776 INFO [main] org.apache.catalina.startup.VersionLoggerListener.log Java Home:             /home/poongkabilan/Documents/SmartFoxServer_2X/jre
28-Oct-2020 22:45:00.776 INFO [main] org.apache.catalina.startup.VersionLoggerListener.log JVM Version:           1.8.0_222-b10
28-Oct-2020 22:45:00.776 INFO [main] org.apache.catalina.startup.VersionLoggerListener.log JVM Vendor:            AdoptOpenJDK
28-Oct-2020 22:45:00.776 INFO [main] org.apache.catalina.startup.VersionLoggerListener.log CATALINA_BASE:         /home/poongkabilan/Documents/SmartFoxServer_2X/SFS2X/lib/apache-tomcat
28-Oct-2020 22:45:00.776 INFO [main] org.apache.catalina.startup.VersionLoggerListener.log CATALINA_HOME:         /home/poongkabilan/Documents/SmartFoxServer_2X/SFS2X/lib/apache-tomcat
28-Oct-2020 22:45:00.778 INFO [main] org.apache.catalina.startup.VersionLoggerListener.log Command line argument: -Dfile.encoding=UTF-8
28-Oct-2020 22:45:00.778 INFO [main] org.apache.catalina.core.AprLifecycleListener.lifecycleEvent The APR based Apache Tomcat Native library which allows optimal performance in production environments was not found on the java.library.path: [/usr/java/packages/lib/amd64:/usr/lib64:/lib64:/lib:/usr/lib]
28-Oct-2020 22:45:01.395 INFO [main] org.apache.coyote.AbstractProtocol.init Initializing ProtocolHandler ["http-nio-8080"]
28-Oct-2020 22:45:01.434 INFO [main] org.apache.coyote.AbstractProtocol.init Initializing ProtocolHandler ["https-jsse-nio-8443"]
28-Oct-2020 22:45:02.051 INFO [main] org.apache.catalina.startup.Catalina.load Server initialization in [1,574] milliseconds
28-Oct-2020 22:45:02.091 INFO [main] org.apache.catalina.core.StandardService.startInternal Starting service [Catalina]
28-Oct-2020 22:45:02.091 INFO [main] org.apache.catalina.core.StandardEngine.startInternal Starting Servlet engine: [Apache Tomcat/9.0.22]
28-Oct-2020 22:45:02.147 INFO [main] org.apache.catalina.startup.HostConfig.deployWAR Deploying web application archive [/home/poongkabilan/Documents/SmartFoxServer_2X/SFS2X/www/BlueBox.war]
28-Oct-2020 22:45:04.339 INFO [main] org.apache.jasper.servlet.TldScanner.scanJars At least one JAR was scanned for TLDs yet contained no TLDs. Enable debug logging for this logger for a complete list of JARs that were scanned but no TLDs were found in them. Skipping unneeded JARs during scanning can improve startup time and JSP compilation time.
28-Oct-2020 22:45:04.390 INFO [main] org.apache.catalina.startup.HostConfig.deployWAR Deployment of web application archive [/home/poongkabilan/Documents/SmartFoxServer_2X/SFS2X/www/BlueBox.war] has finished in [2,243] ms
28-Oct-2020 22:45:04.392 INFO [main] org.apache.catalina.startup.HostConfig.deployDirectory Deploying web application directory [/home/poongkabilan/Documents/SmartFoxServer_2X/SFS2X/www/host-manager]
28-Oct-2020 22:45:06.034 INFO [main] org.apache.jasper.servlet.TldScanner.scanJars At least one JAR was scanned for TLDs yet contained no TLDs. Enable debug logging for this logger for a complete list of JARs that were scanned but no TLDs were found in them. Skipping unneeded JARs during scanning can improve startup time and JSP compilation time.
28-Oct-2020 22:45:06.039 INFO [main] org.apache.catalina.startup.HostConfig.deployDirectory Deployment of web application directory [/home/poongkabilan/Documents/SmartFoxServer_2X/SFS2X/www/host-manager] has finished in [1,648] ms
28-Oct-2020 22:45:06.039 INFO [main] org.apache.catalina.startup.HostConfig.deployDirectory Deploying web application directory [/home/poongkabilan/Documents/SmartFoxServer_2X/SFS2X/www/ROOT]
28-Oct-2020 22:45:07.482 INFO [main] org.apache.jasper.servlet.TldScanner.scanJars At least one JAR was scanned for TLDs yet contained no TLDs. Enable debug logging for this logger for a complete list of JARs that were scanned but no TLDs were found in them. Skipping unneeded JARs during scanning can improve startup time and JSP compilation time.
28-Oct-2020 22:45:07.487 INFO [main] org.apache.catalina.startup.HostConfig.deployDirectory Deployment of web application directory [/home/poongkabilan/Documents/SmartFoxServer_2X/SFS2X/www/ROOT] has finished in [1,448] ms
28-Oct-2020 22:45:07.489 INFO [main] org.apache.catalina.startup.HostConfig.deployDirectory Deploying web application directory [/home/poongkabilan/Documents/SmartFoxServer_2X/SFS2X/www/manager]
28-Oct-2020 22:45:08.699 INFO [main] org.apache.jasper.servlet.TldScanner.scanJars At least one JAR was scanned for TLDs yet contained no TLDs. Enable debug logging for this logger for a complete list of JARs that were scanned but no TLDs were found in them. Skipping unneeded JARs during scanning can improve startup time and JSP compilation time.
28-Oct-2020 22:45:08.702 INFO [main] org.apache.catalina.startup.HostConfig.deployDirectory Deployment of web application directory [/home/poongkabilan/Documents/SmartFoxServer_2X/SFS2X/www/manager] has finished in [1,214] ms
28-Oct-2020 22:45:08.702 INFO [main] org.apache.catalina.startup.HostConfig.deployDirectory Deploying web application directory [/home/poongkabilan/Documents/SmartFoxServer_2X/SFS2X/www/HelloServlet]
28-Oct-2020 22:45:09.864 INFO [main] org.apache.jasper.servlet.TldScanner.scanJars At least one JAR was scanned for TLDs yet contained no TLDs. Enable debug logging for this logger for a complete list of JARs that were scanned but no TLDs were found in them. Skipping unneeded JARs during scanning can improve startup time and JSP compilation time.
28-Oct-2020 22:45:09.867 INFO [main] org.apache.catalina.startup.HostConfig.deployDirectory Deployment of web application directory [/home/poongkabilan/Documents/SmartFoxServer_2X/SFS2X/www/HelloServlet] has finished in [1,164] ms
28-Oct-2020 22:45:09.867 INFO [main] org.apache.catalina.startup.HostConfig.deployDirectory Deploying web application directory [/home/poongkabilan/Documents/SmartFoxServer_2X/SFS2X/www/logsBackup]
28-Oct-2020 22:45:11.090 INFO [main] org.apache.jasper.servlet.TldScanner.scanJars At least one JAR was scanned for TLDs yet contained no TLDs. Enable debug logging for this logger for a complete list of JARs that were scanned but no TLDs were found in them. Skipping unneeded JARs during scanning can improve startup time and JSP compilation time.
28-Oct-2020 22:45:11.094 INFO [main] org.apache.catalina.startup.HostConfig.deployDirectory Deployment of web application directory [/home/poongkabilan/Documents/SmartFoxServer_2X/SFS2X/www/logsBackup] has finished in [1,227] ms
28-Oct-2020 22:45:11.111 INFO [main] org.apache.coyote.AbstractProtocol.start Starting ProtocolHandler ["http-nio-8080"]
28-Oct-2020 22:45:11.153 INFO [main] org.apache.coyote.AbstractProtocol.start Starting ProtocolHandler ["https-jsse-nio-8443"]
28-Oct-2020 22:45:11.159 INFO [main] org.apache.catalina.startup.Catalina.start Server startup in [9,107] milliseconds
28-Oct-2020 22:59:28.449 INFO [Thread-9] org.apache.coyote.AbstractProtocol.pause Pausing ProtocolHandler ["http-nio-8080"]
28-Oct-2020 22:59:28.473 INFO [Thread-9] org.apache.coyote.AbstractProtocol.pause Pausing ProtocolHandler ["https-jsse-nio-8443"]
28-Oct-2020 22:59:28.479 INFO [Thread-9] org.apache.catalina.core.StandardService.stopInternal Stopping service [Catalina]
28-Oct-2020 22:59:28.559 INFO [Thread-9] org.apache.coyote.AbstractProtocol.stop Stopping ProtocolHandler ["http-nio-8080"]
28-Oct-2020 22:59:28.563 INFO [Thread-9] org.apache.coyote.AbstractProtocol.stop Stopping ProtocolHandler ["https-jsse-nio-8443"]
28-Oct-2020 22:59:28.578 INFO [Thread-9] org.apache.coyote.AbstractProtocol.destroy Destroying ProtocolHandler ["http-nio-8080"]
28-Oct-2020 22:59:28.579 INFO [Thread-9] org.apache.coyote.AbstractProtocol.destroy Destroying ProtocolHandler ["https-jsse-nio-8443"]
28-Oct-2020 22:59:46.837 INFO [main] org.apache.catalina.startup.VersionLoggerListener.log Server version name:   Apache Tomcat/9.0.22
28-Oct-2020 22:59:46.838 INFO [main] org.apache.catalina.startup.VersionLoggerListener.log Server built:          Jul 4 2019 14:20:06 UTC
28-Oct-2020 22:59:46.838 INFO [main] org.apache.catalina.startup.VersionLoggerListener.log Server version number: 9.0.22.0
28-Oct-2020 22:59:46.838 INFO [main] org.apache.catalina.startup.VersionLoggerListener.log OS Name:               Linux
28-Oct-2020 22:59:46.838 INFO [main] org.apache.catalina.startup.VersionLoggerListener.log OS Version:            5.4.0-52-generic
28-Oct-2020 22:59:46.838 INFO [main] org.apache.catalina.startup.VersionLoggerListener.log Architecture:          amd64
28-Oct-2020 22:59:46.839 INFO [main] org.apache.catalina.startup.VersionLoggerListener.log Java Home:             /home/poongkabilan/Documents/SmartFoxServer_2X/jre
28-Oct-2020 22:59:46.839 INFO [main] org.apache.catalina.startup.VersionLoggerListener.log JVM Version:           1.8.0_222-b10
28-Oct-2020 22:59:46.839 INFO [main] org.apache.catalina.startup.VersionLoggerListener.log JVM Vendor:            AdoptOpenJDK
28-Oct-2020 22:59:46.839 INFO [main] org.apache.catalina.startup.VersionLoggerListener.log CATALINA_BASE:         /home/poongkabilan/Documents/SmartFoxServer_2X/SFS2X/lib/apache-tomcat
28-Oct-2020 22:59:46.839 INFO [main] org.apache.catalina.startup.VersionLoggerListener.log CATALINA_HOME:         /home/poongkabilan/Documents/SmartFoxServer_2X/SFS2X/lib/apache-tomcat
28-Oct-2020 22:59:46.844 INFO [main] org.apache.catalina.startup.VersionLoggerListener.log Command line argument: -Dfile.encoding=UTF-8
28-Oct-2020 22:59:46.848 INFO [main] org.apache.catalina.core.AprLifecycleListener.lifecycleEvent The APR based Apache Tomcat Native library which allows optimal performance in production environments was not found on the java.library.path: [/usr/java/packages/lib/amd64:/usr/lib64:/lib64:/lib:/usr/lib]
28-Oct-2020 22:59:47.335 INFO [main] org.apache.coyote.AbstractProtocol.init Initializing ProtocolHandler ["http-nio-8080"]
28-Oct-2020 22:59:47.379 INFO [main] org.apache.coyote.AbstractProtocol.init Initializing ProtocolHandler ["https-jsse-nio-8443"]
28-Oct-2020 22:59:47.904 INFO [main] org.apache.catalina.startup.Catalina.load Server initialization in [1,376] milliseconds
28-Oct-2020 22:59:47.948 INFO [main] org.apache.catalina.core.StandardService.startInternal Starting service [Catalina]
28-Oct-2020 22:59:47.948 INFO [main] org.apache.catalina.core.StandardEngine.startInternal Starting Servlet engine: [Apache Tomcat/9.0.22]
28-Oct-2020 22:59:48.014 INFO [main] org.apache.catalina.startup.HostConfig.deployWAR Deploying web application archive [/home/poongkabilan/Documents/SmartFoxServer_2X/SFS2X/www/BlueBox.war]
28-Oct-2020 22:59:50.164 INFO [main] org.apache.jasper.servlet.TldScanner.scanJars At least one JAR was scanned for TLDs yet contained no TLDs. Enable debug logging for this logger for a complete list of JARs that were scanned but no TLDs were found in them. Skipping unneeded JARs during scanning can improve startup time and JSP compilation time.
28-Oct-2020 22:59:50.206 INFO [main] org.apache.catalina.startup.HostConfig.deployWAR Deployment of web application archive [/home/poongkabilan/Documents/SmartFoxServer_2X/SFS2X/www/BlueBox.war] has finished in [2,192] ms
28-Oct-2020 22:59:50.209 INFO [main] org.apache.catalina.startup.HostConfig.deployDirectory Deploying web application directory [/home/poongkabilan/Documents/SmartFoxServer_2X/SFS2X/www/host-manager]
28-Oct-2020 22:59:52.129 INFO [main] org.apache.jasper.servlet.TldScanner.scanJars At least one JAR was scanned for TLDs yet contained no TLDs. Enable debug logging for this logger for a complete list of JARs that were scanned but no TLDs were found in them. Skipping unneeded JARs during scanning can improve startup time and JSP compilation time.
28-Oct-2020 22:59:52.138 INFO [main] org.apache.catalina.startup.HostConfig.deployDirectory Deployment of web application directory [/home/poongkabilan/Documents/SmartFoxServer_2X/SFS2X/www/host-manager] has finished in [1,930] ms
28-Oct-2020 22:59:52.138 INFO [main] org.apache.catalina.startup.HostConfig.deployDirectory Deploying web application directory [/home/poongkabilan/Documents/SmartFoxServer_2X/SFS2X/www/ROOT]
28-Oct-2020 22:59:54.165 INFO [main] org.apache.jasper.servlet.TldScanner.scanJars At least one JAR was scanned for TLDs yet contained no TLDs. Enable debug logging for this logger for a complete list of JARs that were scanned but no TLDs were found in them. Skipping unneeded JARs during scanning can improve startup time and JSP compilation time.
28-Oct-2020 22:59:54.168 INFO [main] org.apache.catalina.startup.HostConfig.deployDirectory Deployment of web application directory [/home/poongkabilan/Documents/SmartFoxServer_2X/SFS2X/www/ROOT] has finished in [2,030] ms
28-Oct-2020 22:59:54.168 INFO [main] org.apache.catalina.startup.HostConfig.deployDirectory Deploying web application directory [/home/poongkabilan/Documents/SmartFoxServer_2X/SFS2X/www/manager]
28-Oct-2020 22:59:55.983 INFO [main] org.apache.jasper.servlet.TldScanner.scanJars At least one JAR was scanned for TLDs yet contained no TLDs. Enable debug logging for this logger for a complete list of JARs that were scanned but no TLDs were found in them. Skipping unneeded JARs during scanning can improve startup time and JSP compilation time.
28-Oct-2020 22:59:55.985 INFO [main] org.apache.catalina.startup.HostConfig.deployDirectory Deployment of web application directory [/home/poongkabilan/Documents/SmartFoxServer_2X/SFS2X/www/manager] has finished in [1,817] ms
28-Oct-2020 22:59:55.986 INFO [main] org.apache.catalina.startup.HostConfig.deployDirectory Deploying web application directory [/home/poongkabilan/Documents/SmartFoxServer_2X/SFS2X/www/HelloServlet]
28-Oct-2020 22:59:57.546 INFO [main] org.apache.jasper.servlet.TldScanner.scanJars At least one JAR was scanned for TLDs yet contained no TLDs. Enable debug logging for this logger for a complete list of JARs that were scanned but no TLDs were found in them. Skipping unneeded JARs during scanning can improve startup time and JSP compilation time.
28-Oct-2020 22:59:57.551 INFO [main] org.apache.catalina.startup.HostConfig.deployDirectory Deployment of web application directory [/home/poongkabilan/Documents/SmartFoxServer_2X/SFS2X/www/HelloServlet] has finished in [1,566] ms
28-Oct-2020 22:59:57.551 INFO [main] org.apache.catalina.startup.HostConfig.deployDirectory Deploying web application directory [/home/poongkabilan/Documents/SmartFoxServer_2X/SFS2X/www/logsBackup]
28-Oct-2020 22:59:59.103 INFO [main] org.apache.jasper.servlet.TldScanner.scanJars At least one JAR was scanned for TLDs yet contained no TLDs. Enable debug logging for this logger for a complete list of JARs that were scanned but no TLDs were found in them. Skipping unneeded JARs during scanning can improve startup time and JSP compilation time.
28-Oct-2020 22:59:59.107 INFO [main] org.apache.catalina.startup.HostConfig.deployDirectory Deployment of web application directory [/home/poongkabilan/Documents/SmartFoxServer_2X/SFS2X/www/logsBackup] has finished in [1,556] ms
28-Oct-2020 22:59:59.115 INFO [main] org.apache.coyote.AbstractProtocol.start Starting ProtocolHandler ["http-nio-8080"]
28-Oct-2020 22:59:59.136 INFO [main] org.apache.coyote.AbstractProtocol.start Starting ProtocolHandler ["https-jsse-nio-8443"]
28-Oct-2020 22:59:59.144 INFO [main] org.apache.catalina.startup.Catalina.start Server startup in [11,239] milliseconds
