30-Oct-2020 10:54:58.869 INFO [Thread-9] org.apache.coyote.AbstractProtocol.pause Pausing ProtocolHandler ["http-nio-8080"]
30-Oct-2020 10:54:58.880 INFO [Thread-9] org.apache.coyote.AbstractProtocol.pause Pausing ProtocolHandler ["https-jsse-nio-8443"]
30-Oct-2020 10:54:58.886 INFO [Thread-9] org.apache.catalina.core.StandardService.stopInternal Stopping service [Catalina]
30-Oct-2020 10:54:58.945 INFO [Thread-9] org.apache.coyote.AbstractProtocol.stop Stopping ProtocolHandler ["http-nio-8080"]
30-Oct-2020 10:54:58.946 INFO [Thread-9] org.apache.coyote.AbstractProtocol.stop Stopping ProtocolHandler ["https-jsse-nio-8443"]
30-Oct-2020 10:54:58.949 INFO [Thread-9] org.apache.coyote.AbstractProtocol.destroy Destroying ProtocolHandler ["http-nio-8080"]
30-Oct-2020 10:54:58.949 INFO [Thread-9] org.apache.coyote.AbstractProtocol.destroy Destroying ProtocolHandler ["https-jsse-nio-8443"]
30-Oct-2020 10:55:04.572 INFO [main] org.apache.catalina.startup.VersionLoggerListener.log Server version name:   Apache Tomcat/9.0.22
30-Oct-2020 10:55:04.573 INFO [main] org.apache.catalina.startup.VersionLoggerListener.log Server built:          Jul 4 2019 14:20:06 UTC
30-Oct-2020 10:55:04.573 INFO [main] org.apache.catalina.startup.VersionLoggerListener.log Server version number: 9.0.22.0
30-Oct-2020 10:55:04.573 INFO [main] org.apache.catalina.startup.VersionLoggerListener.log OS Name:               Linux
30-Oct-2020 10:55:04.573 INFO [main] org.apache.catalina.startup.VersionLoggerListener.log OS Version:            5.4.0-52-generic
30-Oct-2020 10:55:04.573 INFO [main] org.apache.catalina.startup.VersionLoggerListener.log Architecture:          amd64
30-Oct-2020 10:55:04.573 INFO [main] org.apache.catalina.startup.VersionLoggerListener.log Java Home:             /home/poongkabilan/Documents/SmartFoxServer_2X/jre
30-Oct-2020 10:55:04.573 INFO [main] org.apache.catalina.startup.VersionLoggerListener.log JVM Version:           1.8.0_222-b10
30-Oct-2020 10:55:04.573 INFO [main] org.apache.catalina.startup.VersionLoggerListener.log JVM Vendor:            AdoptOpenJDK
30-Oct-2020 10:55:04.573 INFO [main] org.apache.catalina.startup.VersionLoggerListener.log CATALINA_BASE:         /home/poongkabilan/Documents/SmartFoxServer_2X/SFS2X/lib/apache-tomcat
30-Oct-2020 10:55:04.574 INFO [main] org.apache.catalina.startup.VersionLoggerListener.log CATALINA_HOME:         /home/poongkabilan/Documents/SmartFoxServer_2X/SFS2X/lib/apache-tomcat
30-Oct-2020 10:55:04.575 INFO [main] org.apache.catalina.startup.VersionLoggerListener.log Command line argument: -Dfile.encoding=UTF-8
30-Oct-2020 10:55:04.575 INFO [main] org.apache.catalina.core.AprLifecycleListener.lifecycleEvent The APR based Apache Tomcat Native library which allows optimal performance in production environments was not found on the java.library.path: [/usr/java/packages/lib/amd64:/usr/lib64:/lib64:/lib:/usr/lib]
30-Oct-2020 10:55:05.049 INFO [main] org.apache.coyote.AbstractProtocol.init Initializing ProtocolHandler ["http-nio-8080"]
30-Oct-2020 10:55:05.089 INFO [main] org.apache.coyote.AbstractProtocol.init Initializing ProtocolHandler ["https-jsse-nio-8443"]
30-Oct-2020 10:55:05.618 INFO [main] org.apache.catalina.startup.Catalina.load Server initialization in [1,278] milliseconds
30-Oct-2020 10:55:05.657 INFO [main] org.apache.catalina.core.StandardService.startInternal Starting service [Catalina]
30-Oct-2020 10:55:05.657 INFO [main] org.apache.catalina.core.StandardEngine.startInternal Starting Servlet engine: [Apache Tomcat/9.0.22]
30-Oct-2020 10:55:05.712 INFO [main] org.apache.catalina.startup.HostConfig.deployWAR Deploying web application archive [/home/poongkabilan/Documents/SmartFoxServer_2X/SFS2X/www/BlueBox.war]
30-Oct-2020 10:55:08.083 INFO [main] org.apache.jasper.servlet.TldScanner.scanJars At least one JAR was scanned for TLDs yet contained no TLDs. Enable debug logging for this logger for a complete list of JARs that were scanned but no TLDs were found in them. Skipping unneeded JARs during scanning can improve startup time and JSP compilation time.
30-Oct-2020 10:55:08.117 INFO [main] org.apache.catalina.startup.HostConfig.deployWAR Deployment of web application archive [/home/poongkabilan/Documents/SmartFoxServer_2X/SFS2X/www/BlueBox.war] has finished in [2,406] ms
30-Oct-2020 10:55:08.118 INFO [main] org.apache.catalina.startup.HostConfig.deployDirectory Deploying web application directory [/home/poongkabilan/Documents/SmartFoxServer_2X/SFS2X/www/host-manager]
30-Oct-2020 10:55:09.676 INFO [main] org.apache.jasper.servlet.TldScanner.scanJars At least one JAR was scanned for TLDs yet contained no TLDs. Enable debug logging for this logger for a complete list of JARs that were scanned but no TLDs were found in them. Skipping unneeded JARs during scanning can improve startup time and JSP compilation time.
30-Oct-2020 10:55:09.682 INFO [main] org.apache.catalina.startup.HostConfig.deployDirectory Deployment of web application directory [/home/poongkabilan/Documents/SmartFoxServer_2X/SFS2X/www/host-manager] has finished in [1,564] ms
30-Oct-2020 10:55:09.683 INFO [main] org.apache.catalina.startup.HostConfig.deployDirectory Deploying web application directory [/home/poongkabilan/Documents/SmartFoxServer_2X/SFS2X/www/ROOT]
30-Oct-2020 10:55:11.146 INFO [main] org.apache.jasper.servlet.TldScanner.scanJars At least one JAR was scanned for TLDs yet contained no TLDs. Enable debug logging for this logger for a complete list of JARs that were scanned but no TLDs were found in them. Skipping unneeded JARs during scanning can improve startup time and JSP compilation time.
30-Oct-2020 10:55:11.149 INFO [main] org.apache.catalina.startup.HostConfig.deployDirectory Deployment of web application directory [/home/poongkabilan/Documents/SmartFoxServer_2X/SFS2X/www/ROOT] has finished in [1,466] ms
30-Oct-2020 10:55:11.149 INFO [main] org.apache.catalina.startup.HostConfig.deployDirectory Deploying web application directory [/home/poongkabilan/Documents/SmartFoxServer_2X/SFS2X/www/manager]
30-Oct-2020 10:55:12.547 INFO [main] org.apache.jasper.servlet.TldScanner.scanJars At least one JAR was scanned for TLDs yet contained no TLDs. Enable debug logging for this logger for a complete list of JARs that were scanned but no TLDs were found in them. Skipping unneeded JARs during scanning can improve startup time and JSP compilation time.
30-Oct-2020 10:55:12.549 INFO [main] org.apache.catalina.startup.HostConfig.deployDirectory Deployment of web application directory [/home/poongkabilan/Documents/SmartFoxServer_2X/SFS2X/www/manager] has finished in [1,400] ms
30-Oct-2020 10:55:12.550 INFO [main] org.apache.catalina.startup.HostConfig.deployDirectory Deploying web application directory [/home/poongkabilan/Documents/SmartFoxServer_2X/SFS2X/www/HelloServlet]
30-Oct-2020 10:55:13.792 INFO [main] org.apache.jasper.servlet.TldScanner.scanJars At least one JAR was scanned for TLDs yet contained no TLDs. Enable debug logging for this logger for a complete list of JARs that were scanned but no TLDs were found in them. Skipping unneeded JARs during scanning can improve startup time and JSP compilation time.
30-Oct-2020 10:55:13.794 INFO [main] org.apache.catalina.startup.HostConfig.deployDirectory Deployment of web application directory [/home/poongkabilan/Documents/SmartFoxServer_2X/SFS2X/www/HelloServlet] has finished in [1,244] ms
30-Oct-2020 10:55:13.795 INFO [main] org.apache.catalina.startup.HostConfig.deployDirectory Deploying web application directory [/home/poongkabilan/Documents/SmartFoxServer_2X/SFS2X/www/logsBackup]
30-Oct-2020 10:55:15.130 INFO [main] org.apache.jasper.servlet.TldScanner.scanJars At least one JAR was scanned for TLDs yet contained no TLDs. Enable debug logging for this logger for a complete list of JARs that were scanned but no TLDs were found in them. Skipping unneeded JARs during scanning can improve startup time and JSP compilation time.
30-Oct-2020 10:55:15.133 INFO [main] org.apache.catalina.startup.HostConfig.deployDirectory Deployment of web application directory [/home/poongkabilan/Documents/SmartFoxServer_2X/SFS2X/www/logsBackup] has finished in [1,337] ms
30-Oct-2020 10:55:15.144 INFO [main] org.apache.coyote.AbstractProtocol.start Starting ProtocolHandler ["http-nio-8080"]
30-Oct-2020 10:55:15.168 INFO [main] org.apache.coyote.AbstractProtocol.start Starting ProtocolHandler ["https-jsse-nio-8443"]
30-Oct-2020 10:55:15.172 INFO [main] org.apache.catalina.startup.Catalina.start Server startup in [9,553] milliseconds
30-Oct-2020 10:55:50.937 INFO [Thread-9] org.apache.coyote.AbstractProtocol.pause Pausing ProtocolHandler ["http-nio-8080"]
30-Oct-2020 10:55:50.948 INFO [Thread-9] org.apache.coyote.AbstractProtocol.pause Pausing ProtocolHandler ["https-jsse-nio-8443"]
30-Oct-2020 10:55:50.954 INFO [Thread-9] org.apache.catalina.core.StandardService.stopInternal Stopping service [Catalina]
30-Oct-2020 10:55:51.008 INFO [Thread-9] org.apache.coyote.AbstractProtocol.stop Stopping ProtocolHandler ["http-nio-8080"]
30-Oct-2020 10:55:51.011 INFO [Thread-9] org.apache.coyote.AbstractProtocol.stop Stopping ProtocolHandler ["https-jsse-nio-8443"]
30-Oct-2020 10:55:51.013 INFO [Thread-9] org.apache.coyote.AbstractProtocol.destroy Destroying ProtocolHandler ["http-nio-8080"]
30-Oct-2020 10:55:51.014 INFO [Thread-9] org.apache.coyote.AbstractProtocol.destroy Destroying ProtocolHandler ["https-jsse-nio-8443"]
30-Oct-2020 10:55:54.196 INFO [main] org.apache.catalina.startup.VersionLoggerListener.log Server version name:   Apache Tomcat/9.0.22
30-Oct-2020 10:55:54.197 INFO [main] org.apache.catalina.startup.VersionLoggerListener.log Server built:          Jul 4 2019 14:20:06 UTC
30-Oct-2020 10:55:54.197 INFO [main] org.apache.catalina.startup.VersionLoggerListener.log Server version number: 9.0.22.0
30-Oct-2020 10:55:54.197 INFO [main] org.apache.catalina.startup.VersionLoggerListener.log OS Name:               Linux
30-Oct-2020 10:55:54.197 INFO [main] org.apache.catalina.startup.VersionLoggerListener.log OS Version:            5.4.0-52-generic
30-Oct-2020 10:55:54.197 INFO [main] org.apache.catalina.startup.VersionLoggerListener.log Architecture:          amd64
30-Oct-2020 10:55:54.197 INFO [main] org.apache.catalina.startup.VersionLoggerListener.log Java Home:             /home/poongkabilan/Documents/SmartFoxServer_2X/jre
30-Oct-2020 10:55:54.197 INFO [main] org.apache.catalina.startup.VersionLoggerListener.log JVM Version:           1.8.0_222-b10
30-Oct-2020 10:55:54.197 INFO [main] org.apache.catalina.startup.VersionLoggerListener.log JVM Vendor:            AdoptOpenJDK
30-Oct-2020 10:55:54.197 INFO [main] org.apache.catalina.startup.VersionLoggerListener.log CATALINA_BASE:         /home/poongkabilan/Documents/SmartFoxServer_2X/SFS2X/lib/apache-tomcat
30-Oct-2020 10:55:54.197 INFO [main] org.apache.catalina.startup.VersionLoggerListener.log CATALINA_HOME:         /home/poongkabilan/Documents/SmartFoxServer_2X/SFS2X/lib/apache-tomcat
30-Oct-2020 10:55:54.198 INFO [main] org.apache.catalina.startup.VersionLoggerListener.log Command line argument: -Dfile.encoding=UTF-8
30-Oct-2020 10:55:54.198 INFO [main] org.apache.catalina.core.AprLifecycleListener.lifecycleEvent The APR based Apache Tomcat Native library which allows optimal performance in production environments was not found on the java.library.path: [/usr/java/packages/lib/amd64:/usr/lib64:/lib64:/lib:/usr/lib]
30-Oct-2020 10:55:54.572 INFO [main] org.apache.coyote.AbstractProtocol.init Initializing ProtocolHandler ["http-nio-8080"]
30-Oct-2020 10:55:54.600 INFO [main] org.apache.coyote.AbstractProtocol.init Initializing ProtocolHandler ["https-jsse-nio-8443"]
30-Oct-2020 10:55:55.058 INFO [main] org.apache.catalina.startup.Catalina.load Server initialization in [1,092] milliseconds
30-Oct-2020 10:55:55.094 INFO [main] org.apache.catalina.core.StandardService.startInternal Starting service [Catalina]
30-Oct-2020 10:55:55.095 INFO [main] org.apache.catalina.core.StandardEngine.startInternal Starting Servlet engine: [Apache Tomcat/9.0.22]
30-Oct-2020 10:55:55.137 INFO [main] org.apache.catalina.startup.HostConfig.deployWAR Deploying web application archive [/home/poongkabilan/Documents/SmartFoxServer_2X/SFS2X/www/BlueBox.war]
30-Oct-2020 10:55:57.199 INFO [main] org.apache.jasper.servlet.TldScanner.scanJars At least one JAR was scanned for TLDs yet contained no TLDs. Enable debug logging for this logger for a complete list of JARs that were scanned but no TLDs were found in them. Skipping unneeded JARs during scanning can improve startup time and JSP compilation time.
30-Oct-2020 10:55:57.237 INFO [main] org.apache.catalina.startup.HostConfig.deployWAR Deployment of web application archive [/home/poongkabilan/Documents/SmartFoxServer_2X/SFS2X/www/BlueBox.war] has finished in [2,100] ms
30-Oct-2020 10:55:57.238 INFO [main] org.apache.catalina.startup.HostConfig.deployDirectory Deploying web application directory [/home/poongkabilan/Documents/SmartFoxServer_2X/SFS2X/www/host-manager]
30-Oct-2020 10:55:58.936 INFO [main] org.apache.jasper.servlet.TldScanner.scanJars At least one JAR was scanned for TLDs yet contained no TLDs. Enable debug logging for this logger for a complete list of JARs that were scanned but no TLDs were found in them. Skipping unneeded JARs during scanning can improve startup time and JSP compilation time.
30-Oct-2020 10:55:58.941 INFO [main] org.apache.catalina.startup.HostConfig.deployDirectory Deployment of web application directory [/home/poongkabilan/Documents/SmartFoxServer_2X/SFS2X/www/host-manager] has finished in [1,702] ms
30-Oct-2020 10:55:58.941 INFO [main] org.apache.catalina.startup.HostConfig.deployDirectory Deploying web application directory [/home/poongkabilan/Documents/SmartFoxServer_2X/SFS2X/www/ROOT]
30-Oct-2020 10:56:00.297 INFO [main] org.apache.jasper.servlet.TldScanner.scanJars At least one JAR was scanned for TLDs yet contained no TLDs. Enable debug logging for this logger for a complete list of JARs that were scanned but no TLDs were found in them. Skipping unneeded JARs during scanning can improve startup time and JSP compilation time.
30-Oct-2020 10:56:00.300 INFO [main] org.apache.catalina.startup.HostConfig.deployDirectory Deployment of web application directory [/home/poongkabilan/Documents/SmartFoxServer_2X/SFS2X/www/ROOT] has finished in [1,359] ms
30-Oct-2020 10:56:00.300 INFO [main] org.apache.catalina.startup.HostConfig.deployDirectory Deploying web application directory [/home/poongkabilan/Documents/SmartFoxServer_2X/SFS2X/www/manager]
30-Oct-2020 10:56:01.895 INFO [main] org.apache.jasper.servlet.TldScanner.scanJars At least one JAR was scanned for TLDs yet contained no TLDs. Enable debug logging for this logger for a complete list of JARs that were scanned but no TLDs were found in them. Skipping unneeded JARs during scanning can improve startup time and JSP compilation time.
30-Oct-2020 10:56:01.897 INFO [main] org.apache.catalina.startup.HostConfig.deployDirectory Deployment of web application directory [/home/poongkabilan/Documents/SmartFoxServer_2X/SFS2X/www/manager] has finished in [1,597] ms
30-Oct-2020 10:56:01.897 INFO [main] org.apache.catalina.startup.HostConfig.deployDirectory Deploying web application directory [/home/poongkabilan/Documents/SmartFoxServer_2X/SFS2X/www/HelloServlet]
30-Oct-2020 10:56:03.044 INFO [main] org.apache.jasper.servlet.TldScanner.scanJars At least one JAR was scanned for TLDs yet contained no TLDs. Enable debug logging for this logger for a complete list of JARs that were scanned but no TLDs were found in them. Skipping unneeded JARs during scanning can improve startup time and JSP compilation time.
30-Oct-2020 10:56:03.047 INFO [main] org.apache.catalina.startup.HostConfig.deployDirectory Deployment of web application directory [/home/poongkabilan/Documents/SmartFoxServer_2X/SFS2X/www/HelloServlet] has finished in [1,149] ms
30-Oct-2020 10:56:03.047 INFO [main] org.apache.catalina.startup.HostConfig.deployDirectory Deploying web application directory [/home/poongkabilan/Documents/SmartFoxServer_2X/SFS2X/www/logsBackup]
30-Oct-2020 10:56:04.248 INFO [main] org.apache.jasper.servlet.TldScanner.scanJars At least one JAR was scanned for TLDs yet contained no TLDs. Enable debug logging for this logger for a complete list of JARs that were scanned but no TLDs were found in them. Skipping unneeded JARs during scanning can improve startup time and JSP compilation time.
30-Oct-2020 10:56:04.253 INFO [main] org.apache.catalina.startup.HostConfig.deployDirectory Deployment of web application directory [/home/poongkabilan/Documents/SmartFoxServer_2X/SFS2X/www/logsBackup] has finished in [1,206] ms
30-Oct-2020 10:56:04.257 INFO [main] org.apache.coyote.AbstractProtocol.start Starting ProtocolHandler ["http-nio-8080"]
30-Oct-2020 10:56:04.266 INFO [main] org.apache.coyote.AbstractProtocol.start Starting ProtocolHandler ["https-jsse-nio-8443"]
30-Oct-2020 10:56:04.279 INFO [main] org.apache.catalina.startup.Catalina.start Server startup in [9,220] milliseconds
30-Oct-2020 10:56:31.434 INFO [Thread-9] org.apache.coyote.AbstractProtocol.pause Pausing ProtocolHandler ["http-nio-8080"]
30-Oct-2020 10:56:31.443 INFO [Thread-9] org.apache.coyote.AbstractProtocol.pause Pausing ProtocolHandler ["https-jsse-nio-8443"]
30-Oct-2020 10:56:31.449 INFO [Thread-9] org.apache.catalina.core.StandardService.stopInternal Stopping service [Catalina]
30-Oct-2020 10:56:31.507 INFO [Thread-9] org.apache.coyote.AbstractProtocol.stop Stopping ProtocolHandler ["http-nio-8080"]
30-Oct-2020 10:56:31.511 INFO [Thread-9] org.apache.coyote.AbstractProtocol.stop Stopping ProtocolHandler ["https-jsse-nio-8443"]
30-Oct-2020 10:56:31.517 INFO [Thread-9] org.apache.coyote.AbstractProtocol.destroy Destroying ProtocolHandler ["http-nio-8080"]
30-Oct-2020 10:56:31.518 INFO [Thread-9] org.apache.coyote.AbstractProtocol.destroy Destroying ProtocolHandler ["https-jsse-nio-8443"]
30-Oct-2020 10:56:37.464 INFO [main] org.apache.catalina.startup.VersionLoggerListener.log Server version name:   Apache Tomcat/9.0.22
30-Oct-2020 10:56:37.465 INFO [main] org.apache.catalina.startup.VersionLoggerListener.log Server built:          Jul 4 2019 14:20:06 UTC
30-Oct-2020 10:56:37.465 INFO [main] org.apache.catalina.startup.VersionLoggerListener.log Server version number: 9.0.22.0
30-Oct-2020 10:56:37.465 INFO [main] org.apache.catalina.startup.VersionLoggerListener.log OS Name:               Linux
30-Oct-2020 10:56:37.465 INFO [main] org.apache.catalina.startup.VersionLoggerListener.log OS Version:            5.4.0-52-generic
30-Oct-2020 10:56:37.465 INFO [main] org.apache.catalina.startup.VersionLoggerListener.log Architecture:          amd64
30-Oct-2020 10:56:37.465 INFO [main] org.apache.catalina.startup.VersionLoggerListener.log Java Home:             /home/poongkabilan/Documents/SmartFoxServer_2X/jre
30-Oct-2020 10:56:37.466 INFO [main] org.apache.catalina.startup.VersionLoggerListener.log JVM Version:           1.8.0_222-b10
30-Oct-2020 10:56:37.466 INFO [main] org.apache.catalina.startup.VersionLoggerListener.log JVM Vendor:            AdoptOpenJDK
30-Oct-2020 10:56:37.466 INFO [main] org.apache.catalina.startup.VersionLoggerListener.log CATALINA_BASE:         /home/poongkabilan/Documents/SmartFoxServer_2X/SFS2X/lib/apache-tomcat
30-Oct-2020 10:56:37.466 INFO [main] org.apache.catalina.startup.VersionLoggerListener.log CATALINA_HOME:         /home/poongkabilan/Documents/SmartFoxServer_2X/SFS2X/lib/apache-tomcat
30-Oct-2020 10:56:37.466 INFO [main] org.apache.catalina.startup.VersionLoggerListener.log Command line argument: -Dfile.encoding=UTF-8
30-Oct-2020 10:56:37.467 INFO [main] org.apache.catalina.core.AprLifecycleListener.lifecycleEvent The APR based Apache Tomcat Native library which allows optimal performance in production environments was not found on the java.library.path: [/usr/java/packages/lib/amd64:/usr/lib64:/lib64:/lib:/usr/lib]
30-Oct-2020 10:56:37.859 INFO [main] org.apache.coyote.AbstractProtocol.init Initializing ProtocolHandler ["http-nio-8080"]
30-Oct-2020 10:56:37.886 INFO [main] org.apache.coyote.AbstractProtocol.init Initializing ProtocolHandler ["https-jsse-nio-8443"]
30-Oct-2020 10:56:38.362 INFO [main] org.apache.catalina.startup.Catalina.load Server initialization in [1,092] milliseconds
30-Oct-2020 10:56:38.398 INFO [main] org.apache.catalina.core.StandardService.startInternal Starting service [Catalina]
30-Oct-2020 10:56:38.398 INFO [main] org.apache.catalina.core.StandardEngine.startInternal Starting Servlet engine: [Apache Tomcat/9.0.22]
30-Oct-2020 10:56:38.443 INFO [main] org.apache.catalina.startup.HostConfig.deployWAR Deploying web application archive [/home/poongkabilan/Documents/SmartFoxServer_2X/SFS2X/www/BlueBox.war]
30-Oct-2020 10:56:40.334 INFO [main] org.apache.jasper.servlet.TldScanner.scanJars At least one JAR was scanned for TLDs yet contained no TLDs. Enable debug logging for this logger for a complete list of JARs that were scanned but no TLDs were found in them. Skipping unneeded JARs during scanning can improve startup time and JSP compilation time.
30-Oct-2020 10:56:40.369 INFO [main] org.apache.catalina.startup.HostConfig.deployWAR Deployment of web application archive [/home/poongkabilan/Documents/SmartFoxServer_2X/SFS2X/www/BlueBox.war] has finished in [1,925] ms
30-Oct-2020 10:56:40.370 INFO [main] org.apache.catalina.startup.HostConfig.deployDirectory Deploying web application directory [/home/poongkabilan/Documents/SmartFoxServer_2X/SFS2X/www/host-manager]
30-Oct-2020 10:56:41.976 INFO [main] org.apache.jasper.servlet.TldScanner.scanJars At least one JAR was scanned for TLDs yet contained no TLDs. Enable debug logging for this logger for a complete list of JARs that were scanned but no TLDs were found in them. Skipping unneeded JARs during scanning can improve startup time and JSP compilation time.
30-Oct-2020 10:56:41.985 INFO [main] org.apache.catalina.startup.HostConfig.deployDirectory Deployment of web application directory [/home/poongkabilan/Documents/SmartFoxServer_2X/SFS2X/www/host-manager] has finished in [1,616] ms
30-Oct-2020 10:56:41.986 INFO [main] org.apache.catalina.startup.HostConfig.deployDirectory Deploying web application directory [/home/poongkabilan/Documents/SmartFoxServer_2X/SFS2X/www/ROOT]
30-Oct-2020 10:56:43.450 INFO [main] org.apache.jasper.servlet.TldScanner.scanJars At least one JAR was scanned for TLDs yet contained no TLDs. Enable debug logging for this logger for a complete list of JARs that were scanned but no TLDs were found in them. Skipping unneeded JARs during scanning can improve startup time and JSP compilation time.
30-Oct-2020 10:56:43.458 INFO [main] org.apache.catalina.startup.HostConfig.deployDirectory Deployment of web application directory [/home/poongkabilan/Documents/SmartFoxServer_2X/SFS2X/www/ROOT] has finished in [1,472] ms
30-Oct-2020 10:56:43.462 INFO [main] org.apache.catalina.startup.HostConfig.deployDirectory Deploying web application directory [/home/poongkabilan/Documents/SmartFoxServer_2X/SFS2X/www/manager]
30-Oct-2020 10:56:45.005 INFO [main] org.apache.jasper.servlet.TldScanner.scanJars At least one JAR was scanned for TLDs yet contained no TLDs. Enable debug logging for this logger for a complete list of JARs that were scanned but no TLDs were found in them. Skipping unneeded JARs during scanning can improve startup time and JSP compilation time.
30-Oct-2020 10:56:45.007 INFO [main] org.apache.catalina.startup.HostConfig.deployDirectory Deployment of web application directory [/home/poongkabilan/Documents/SmartFoxServer_2X/SFS2X/www/manager] has finished in [1,545] ms
30-Oct-2020 10:56:45.008 INFO [main] org.apache.catalina.startup.HostConfig.deployDirectory Deploying web application directory [/home/poongkabilan/Documents/SmartFoxServer_2X/SFS2X/www/HelloServlet]
30-Oct-2020 10:56:46.488 INFO [main] org.apache.jasper.servlet.TldScanner.scanJars At least one JAR was scanned for TLDs yet contained no TLDs. Enable debug logging for this logger for a complete list of JARs that were scanned but no TLDs were found in them. Skipping unneeded JARs during scanning can improve startup time and JSP compilation time.
30-Oct-2020 10:56:46.490 INFO [main] org.apache.catalina.startup.HostConfig.deployDirectory Deployment of web application directory [/home/poongkabilan/Documents/SmartFoxServer_2X/SFS2X/www/HelloServlet] has finished in [1,482] ms
30-Oct-2020 10:56:46.491 INFO [main] org.apache.catalina.startup.HostConfig.deployDirectory Deploying web application directory [/home/poongkabilan/Documents/SmartFoxServer_2X/SFS2X/www/logsBackup]
30-Oct-2020 10:56:47.838 INFO [main] org.apache.jasper.servlet.TldScanner.scanJars At least one JAR was scanned for TLDs yet contained no TLDs. Enable debug logging for this logger for a complete list of JARs that were scanned but no TLDs were found in them. Skipping unneeded JARs during scanning can improve startup time and JSP compilation time.
30-Oct-2020 10:56:47.840 INFO [main] org.apache.catalina.startup.HostConfig.deployDirectory Deployment of web application directory [/home/poongkabilan/Documents/SmartFoxServer_2X/SFS2X/www/logsBackup] has finished in [1,350] ms
30-Oct-2020 10:56:47.844 INFO [main] org.apache.coyote.AbstractProtocol.start Starting ProtocolHandler ["http-nio-8080"]
30-Oct-2020 10:56:47.854 INFO [main] org.apache.coyote.AbstractProtocol.start Starting ProtocolHandler ["https-jsse-nio-8443"]
30-Oct-2020 10:56:47.856 INFO [main] org.apache.catalina.startup.Catalina.start Server startup in [9,493] milliseconds
30-Oct-2020 10:57:49.581 INFO [Thread-9] org.apache.coyote.AbstractProtocol.pause Pausing ProtocolHandler ["http-nio-8080"]
30-Oct-2020 10:57:49.599 INFO [Thread-9] org.apache.coyote.AbstractProtocol.pause Pausing ProtocolHandler ["https-jsse-nio-8443"]
30-Oct-2020 10:57:49.605 INFO [Thread-9] org.apache.catalina.core.StandardService.stopInternal Stopping service [Catalina]
30-Oct-2020 10:57:49.651 INFO [Thread-9] org.apache.coyote.AbstractProtocol.stop Stopping ProtocolHandler ["http-nio-8080"]
30-Oct-2020 10:57:49.653 INFO [Thread-9] org.apache.coyote.AbstractProtocol.stop Stopping ProtocolHandler ["https-jsse-nio-8443"]
30-Oct-2020 10:57:49.657 INFO [Thread-9] org.apache.coyote.AbstractProtocol.destroy Destroying ProtocolHandler ["http-nio-8080"]
30-Oct-2020 10:57:49.658 INFO [Thread-9] org.apache.coyote.AbstractProtocol.destroy Destroying ProtocolHandler ["https-jsse-nio-8443"]
30-Oct-2020 10:57:53.765 INFO [main] org.apache.catalina.startup.VersionLoggerListener.log Server version name:   Apache Tomcat/9.0.22
30-Oct-2020 10:57:53.766 INFO [main] org.apache.catalina.startup.VersionLoggerListener.log Server built:          Jul 4 2019 14:20:06 UTC
30-Oct-2020 10:57:53.766 INFO [main] org.apache.catalina.startup.VersionLoggerListener.log Server version number: 9.0.22.0
30-Oct-2020 10:57:53.766 INFO [main] org.apache.catalina.startup.VersionLoggerListener.log OS Name:               Linux
30-Oct-2020 10:57:53.766 INFO [main] org.apache.catalina.startup.VersionLoggerListener.log OS Version:            5.4.0-52-generic
30-Oct-2020 10:57:53.766 INFO [main] org.apache.catalina.startup.VersionLoggerListener.log Architecture:          amd64
30-Oct-2020 10:57:53.766 INFO [main] org.apache.catalina.startup.VersionLoggerListener.log Java Home:             /home/poongkabilan/Documents/SmartFoxServer_2X/jre
30-Oct-2020 10:57:53.767 INFO [main] org.apache.catalina.startup.VersionLoggerListener.log JVM Version:           1.8.0_222-b10
30-Oct-2020 10:57:53.767 INFO [main] org.apache.catalina.startup.VersionLoggerListener.log JVM Vendor:            AdoptOpenJDK
30-Oct-2020 10:57:53.767 INFO [main] org.apache.catalina.startup.VersionLoggerListener.log CATALINA_BASE:         /home/poongkabilan/Documents/SmartFoxServer_2X/SFS2X/lib/apache-tomcat
30-Oct-2020 10:57:53.767 INFO [main] org.apache.catalina.startup.VersionLoggerListener.log CATALINA_HOME:         /home/poongkabilan/Documents/SmartFoxServer_2X/SFS2X/lib/apache-tomcat
30-Oct-2020 10:57:53.767 INFO [main] org.apache.catalina.startup.VersionLoggerListener.log Command line argument: -Dfile.encoding=UTF-8
30-Oct-2020 10:57:53.768 INFO [main] org.apache.catalina.core.AprLifecycleListener.lifecycleEvent The APR based Apache Tomcat Native library which allows optimal performance in production environments was not found on the java.library.path: [/usr/java/packages/lib/amd64:/usr/lib64:/lib64:/lib:/usr/lib]
30-Oct-2020 10:57:54.114 INFO [main] org.apache.coyote.AbstractProtocol.init Initializing ProtocolHandler ["http-nio-8080"]
30-Oct-2020 10:57:54.147 INFO [main] org.apache.coyote.AbstractProtocol.init Initializing ProtocolHandler ["https-jsse-nio-8443"]
30-Oct-2020 10:57:54.638 INFO [main] org.apache.catalina.startup.Catalina.load Server initialization in [1,099] milliseconds
30-Oct-2020 10:57:54.672 INFO [main] org.apache.catalina.core.StandardService.startInternal Starting service [Catalina]
30-Oct-2020 10:57:54.673 INFO [main] org.apache.catalina.core.StandardEngine.startInternal Starting Servlet engine: [Apache Tomcat/9.0.22]
30-Oct-2020 10:57:54.712 INFO [main] org.apache.catalina.startup.HostConfig.deployWAR Deploying web application archive [/home/poongkabilan/Documents/SmartFoxServer_2X/SFS2X/www/BlueBox.war]
30-Oct-2020 10:57:56.595 INFO [main] org.apache.jasper.servlet.TldScanner.scanJars At least one JAR was scanned for TLDs yet contained no TLDs. Enable debug logging for this logger for a complete list of JARs that were scanned but no TLDs were found in them. Skipping unneeded JARs during scanning can improve startup time and JSP compilation time.
30-Oct-2020 10:57:56.628 INFO [main] org.apache.catalina.startup.HostConfig.deployWAR Deployment of web application archive [/home/poongkabilan/Documents/SmartFoxServer_2X/SFS2X/www/BlueBox.war] has finished in [1,917] ms
30-Oct-2020 10:57:56.632 INFO [main] org.apache.catalina.startup.HostConfig.deployDirectory Deploying web application directory [/home/poongkabilan/Documents/SmartFoxServer_2X/SFS2X/www/host-manager]
30-Oct-2020 10:57:58.218 INFO [main] org.apache.jasper.servlet.TldScanner.scanJars At least one JAR was scanned for TLDs yet contained no TLDs. Enable debug logging for this logger for a complete list of JARs that were scanned but no TLDs were found in them. Skipping unneeded JARs during scanning can improve startup time and JSP compilation time.
30-Oct-2020 10:57:58.226 INFO [main] org.apache.catalina.startup.HostConfig.deployDirectory Deployment of web application directory [/home/poongkabilan/Documents/SmartFoxServer_2X/SFS2X/www/host-manager] has finished in [1,595] ms
30-Oct-2020 10:57:58.226 INFO [main] org.apache.catalina.startup.HostConfig.deployDirectory Deploying web application directory [/home/poongkabilan/Documents/SmartFoxServer_2X/SFS2X/www/ROOT]
30-Oct-2020 10:57:59.905 INFO [main] org.apache.jasper.servlet.TldScanner.scanJars At least one JAR was scanned for TLDs yet contained no TLDs. Enable debug logging for this logger for a complete list of JARs that were scanned but no TLDs were found in them. Skipping unneeded JARs during scanning can improve startup time and JSP compilation time.
30-Oct-2020 10:57:59.908 INFO [main] org.apache.catalina.startup.HostConfig.deployDirectory Deployment of web application directory [/home/poongkabilan/Documents/SmartFoxServer_2X/SFS2X/www/ROOT] has finished in [1,681] ms
30-Oct-2020 10:57:59.908 INFO [main] org.apache.catalina.startup.HostConfig.deployDirectory Deploying web application directory [/home/poongkabilan/Documents/SmartFoxServer_2X/SFS2X/www/manager]
30-Oct-2020 10:58:01.408 INFO [main] org.apache.jasper.servlet.TldScanner.scanJars At least one JAR was scanned for TLDs yet contained no TLDs. Enable debug logging for this logger for a complete list of JARs that were scanned but no TLDs were found in them. Skipping unneeded JARs during scanning can improve startup time and JSP compilation time.
30-Oct-2020 10:58:01.410 INFO [main] org.apache.catalina.startup.HostConfig.deployDirectory Deployment of web application directory [/home/poongkabilan/Documents/SmartFoxServer_2X/SFS2X/www/manager] has finished in [1,502] ms
30-Oct-2020 10:58:01.411 INFO [main] org.apache.catalina.startup.HostConfig.deployDirectory Deploying web application directory [/home/poongkabilan/Documents/SmartFoxServer_2X/SFS2X/www/HelloServlet]
30-Oct-2020 10:58:02.705 INFO [main] org.apache.jasper.servlet.TldScanner.scanJars At least one JAR was scanned for TLDs yet contained no TLDs. Enable debug logging for this logger for a complete list of JARs that were scanned but no TLDs were found in them. Skipping unneeded JARs during scanning can improve startup time and JSP compilation time.
30-Oct-2020 10:58:02.708 INFO [main] org.apache.catalina.startup.HostConfig.deployDirectory Deployment of web application directory [/home/poongkabilan/Documents/SmartFoxServer_2X/SFS2X/www/HelloServlet] has finished in [1,298] ms
30-Oct-2020 10:58:02.708 INFO [main] org.apache.catalina.startup.HostConfig.deployDirectory Deploying web application directory [/home/poongkabilan/Documents/SmartFoxServer_2X/SFS2X/www/logsBackup]
30-Oct-2020 10:58:03.704 INFO [main] org.apache.jasper.servlet.TldScanner.scanJars At least one JAR was scanned for TLDs yet contained no TLDs. Enable debug logging for this logger for a complete list of JARs that were scanned but no TLDs were found in them. Skipping unneeded JARs during scanning can improve startup time and JSP compilation time.
30-Oct-2020 10:58:03.706 INFO [main] org.apache.catalina.startup.HostConfig.deployDirectory Deployment of web application directory [/home/poongkabilan/Documents/SmartFoxServer_2X/SFS2X/www/logsBackup] has finished in [998] ms
30-Oct-2020 10:58:03.711 INFO [main] org.apache.coyote.AbstractProtocol.start Starting ProtocolHandler ["http-nio-8080"]
30-Oct-2020 10:58:03.788 INFO [main] org.apache.coyote.AbstractProtocol.start Starting ProtocolHandler ["https-jsse-nio-8443"]
30-Oct-2020 10:58:03.797 INFO [main] org.apache.catalina.startup.Catalina.start Server startup in [9,158] milliseconds
30-Oct-2020 10:58:29.195 INFO [Thread-9] org.apache.coyote.AbstractProtocol.pause Pausing ProtocolHandler ["http-nio-8080"]
30-Oct-2020 10:58:29.210 INFO [Thread-9] org.apache.coyote.AbstractProtocol.pause Pausing ProtocolHandler ["https-jsse-nio-8443"]
30-Oct-2020 10:58:29.217 INFO [Thread-9] org.apache.catalina.core.StandardService.stopInternal Stopping service [Catalina]
30-Oct-2020 10:58:29.278 INFO [Thread-9] org.apache.coyote.AbstractProtocol.stop Stopping ProtocolHandler ["http-nio-8080"]
30-Oct-2020 10:58:29.280 INFO [Thread-9] org.apache.coyote.AbstractProtocol.stop Stopping ProtocolHandler ["https-jsse-nio-8443"]
30-Oct-2020 10:58:29.285 INFO [Thread-9] org.apache.coyote.AbstractProtocol.destroy Destroying ProtocolHandler ["http-nio-8080"]
30-Oct-2020 10:58:29.285 INFO [Thread-9] org.apache.coyote.AbstractProtocol.destroy Destroying ProtocolHandler ["https-jsse-nio-8443"]
30-Oct-2020 10:58:32.252 INFO [main] org.apache.catalina.startup.VersionLoggerListener.log Server version name:   Apache Tomcat/9.0.22
30-Oct-2020 10:58:32.253 INFO [main] org.apache.catalina.startup.VersionLoggerListener.log Server built:          Jul 4 2019 14:20:06 UTC
30-Oct-2020 10:58:32.253 INFO [main] org.apache.catalina.startup.VersionLoggerListener.log Server version number: 9.0.22.0
30-Oct-2020 10:58:32.253 INFO [main] org.apache.catalina.startup.VersionLoggerListener.log OS Name:               Linux
30-Oct-2020 10:58:32.253 INFO [main] org.apache.catalina.startup.VersionLoggerListener.log OS Version:            5.4.0-52-generic
30-Oct-2020 10:58:32.253 INFO [main] org.apache.catalina.startup.VersionLoggerListener.log Architecture:          amd64
30-Oct-2020 10:58:32.254 INFO [main] org.apache.catalina.startup.VersionLoggerListener.log Java Home:             /home/poongkabilan/Documents/SmartFoxServer_2X/jre
30-Oct-2020 10:58:32.254 INFO [main] org.apache.catalina.startup.VersionLoggerListener.log JVM Version:           1.8.0_222-b10
30-Oct-2020 10:58:32.254 INFO [main] org.apache.catalina.startup.VersionLoggerListener.log JVM Vendor:            AdoptOpenJDK
30-Oct-2020 10:58:32.254 INFO [main] org.apache.catalina.startup.VersionLoggerListener.log CATALINA_BASE:         /home/poongkabilan/Documents/SmartFoxServer_2X/SFS2X/lib/apache-tomcat
30-Oct-2020 10:58:32.254 INFO [main] org.apache.catalina.startup.VersionLoggerListener.log CATALINA_HOME:         /home/poongkabilan/Documents/SmartFoxServer_2X/SFS2X/lib/apache-tomcat
30-Oct-2020 10:58:32.255 INFO [main] org.apache.catalina.startup.VersionLoggerListener.log Command line argument: -Dfile.encoding=UTF-8
30-Oct-2020 10:58:32.255 INFO [main] org.apache.catalina.core.AprLifecycleListener.lifecycleEvent The APR based Apache Tomcat Native library which allows optimal performance in production environments was not found on the java.library.path: [/usr/java/packages/lib/amd64:/usr/lib64:/lib64:/lib:/usr/lib]
30-Oct-2020 10:58:32.731 INFO [main] org.apache.coyote.AbstractProtocol.init Initializing ProtocolHandler ["http-nio-8080"]
30-Oct-2020 10:58:32.757 INFO [main] org.apache.coyote.AbstractProtocol.init Initializing ProtocolHandler ["https-jsse-nio-8443"]
30-Oct-2020 10:58:33.231 INFO [main] org.apache.catalina.startup.Catalina.load Server initialization in [1,211] milliseconds
30-Oct-2020 10:58:33.269 INFO [main] org.apache.catalina.core.StandardService.startInternal Starting service [Catalina]
30-Oct-2020 10:58:33.269 INFO [main] org.apache.catalina.core.StandardEngine.startInternal Starting Servlet engine: [Apache Tomcat/9.0.22]
30-Oct-2020 10:58:33.319 INFO [main] org.apache.catalina.startup.HostConfig.deployWAR Deploying web application archive [/home/poongkabilan/Documents/SmartFoxServer_2X/SFS2X/www/BlueBox.war]
30-Oct-2020 10:58:35.386 INFO [main] org.apache.jasper.servlet.TldScanner.scanJars At least one JAR was scanned for TLDs yet contained no TLDs. Enable debug logging for this logger for a complete list of JARs that were scanned but no TLDs were found in them. Skipping unneeded JARs during scanning can improve startup time and JSP compilation time.
30-Oct-2020 10:58:35.432 INFO [main] org.apache.catalina.startup.HostConfig.deployWAR Deployment of web application archive [/home/poongkabilan/Documents/SmartFoxServer_2X/SFS2X/www/BlueBox.war] has finished in [2,113] ms
30-Oct-2020 10:58:35.433 INFO [main] org.apache.catalina.startup.HostConfig.deployDirectory Deploying web application directory [/home/poongkabilan/Documents/SmartFoxServer_2X/SFS2X/www/host-manager]
30-Oct-2020 10:58:37.138 INFO [main] org.apache.jasper.servlet.TldScanner.scanJars At least one JAR was scanned for TLDs yet contained no TLDs. Enable debug logging for this logger for a complete list of JARs that were scanned but no TLDs were found in them. Skipping unneeded JARs during scanning can improve startup time and JSP compilation time.
30-Oct-2020 10:58:37.143 INFO [main] org.apache.catalina.startup.HostConfig.deployDirectory Deployment of web application directory [/home/poongkabilan/Documents/SmartFoxServer_2X/SFS2X/www/host-manager] has finished in [1,710] ms
30-Oct-2020 10:58:37.144 INFO [main] org.apache.catalina.startup.HostConfig.deployDirectory Deploying web application directory [/home/poongkabilan/Documents/SmartFoxServer_2X/SFS2X/www/ROOT]
30-Oct-2020 10:58:38.725 INFO [main] org.apache.jasper.servlet.TldScanner.scanJars At least one JAR was scanned for TLDs yet contained no TLDs. Enable debug logging for this logger for a complete list of JARs that were scanned but no TLDs were found in them. Skipping unneeded JARs during scanning can improve startup time and JSP compilation time.
30-Oct-2020 10:58:38.728 INFO [main] org.apache.catalina.startup.HostConfig.deployDirectory Deployment of web application directory [/home/poongkabilan/Documents/SmartFoxServer_2X/SFS2X/www/ROOT] has finished in [1,584] ms
30-Oct-2020 10:58:38.728 INFO [main] org.apache.catalina.startup.HostConfig.deployDirectory Deploying web application directory [/home/poongkabilan/Documents/SmartFoxServer_2X/SFS2X/www/manager]
30-Oct-2020 10:58:40.308 INFO [main] org.apache.jasper.servlet.TldScanner.scanJars At least one JAR was scanned for TLDs yet contained no TLDs. Enable debug logging for this logger for a complete list of JARs that were scanned but no TLDs were found in them. Skipping unneeded JARs during scanning can improve startup time and JSP compilation time.
30-Oct-2020 10:58:40.310 INFO [main] org.apache.catalina.startup.HostConfig.deployDirectory Deployment of web application directory [/home/poongkabilan/Documents/SmartFoxServer_2X/SFS2X/www/manager] has finished in [1,581] ms
30-Oct-2020 10:58:40.310 INFO [main] org.apache.catalina.startup.HostConfig.deployDirectory Deploying web application directory [/home/poongkabilan/Documents/SmartFoxServer_2X/SFS2X/www/HelloServlet]
30-Oct-2020 10:58:41.797 INFO [main] org.apache.jasper.servlet.TldScanner.scanJars At least one JAR was scanned for TLDs yet contained no TLDs. Enable debug logging for this logger for a complete list of JARs that were scanned but no TLDs were found in them. Skipping unneeded JARs during scanning can improve startup time and JSP compilation time.
30-Oct-2020 10:58:41.799 INFO [main] org.apache.catalina.startup.HostConfig.deployDirectory Deployment of web application directory [/home/poongkabilan/Documents/SmartFoxServer_2X/SFS2X/www/HelloServlet] has finished in [1,489] ms
30-Oct-2020 10:58:41.800 INFO [main] org.apache.catalina.startup.HostConfig.deployDirectory Deploying web application directory [/home/poongkabilan/Documents/SmartFoxServer_2X/SFS2X/www/logsBackup]
30-Oct-2020 10:58:42.898 INFO [main] org.apache.jasper.servlet.TldScanner.scanJars At least one JAR was scanned for TLDs yet contained no TLDs. Enable debug logging for this logger for a complete list of JARs that were scanned but no TLDs were found in them. Skipping unneeded JARs during scanning can improve startup time and JSP compilation time.
30-Oct-2020 10:58:42.900 INFO [main] org.apache.catalina.startup.HostConfig.deployDirectory Deployment of web application directory [/home/poongkabilan/Documents/SmartFoxServer_2X/SFS2X/www/logsBackup] has finished in [1,100] ms
30-Oct-2020 10:58:42.904 INFO [main] org.apache.coyote.AbstractProtocol.start Starting ProtocolHandler ["http-nio-8080"]
30-Oct-2020 10:58:42.911 INFO [main] org.apache.coyote.AbstractProtocol.start Starting ProtocolHandler ["https-jsse-nio-8443"]
30-Oct-2020 10:58:42.913 INFO [main] org.apache.catalina.startup.Catalina.start Server startup in [9,681] milliseconds
30-Oct-2020 12:38:53.682 INFO [Thread-9] org.apache.coyote.AbstractProtocol.pause Pausing ProtocolHandler ["http-nio-8080"]
30-Oct-2020 12:38:53.698 INFO [Thread-9] org.apache.coyote.AbstractProtocol.pause Pausing ProtocolHandler ["https-jsse-nio-8443"]
30-Oct-2020 12:38:53.704 INFO [Thread-9] org.apache.catalina.core.StandardService.stopInternal Stopping service [Catalina]
30-Oct-2020 12:38:53.759 INFO [Thread-9] org.apache.coyote.AbstractProtocol.stop Stopping ProtocolHandler ["http-nio-8080"]
30-Oct-2020 12:38:53.762 INFO [Thread-9] org.apache.coyote.AbstractProtocol.stop Stopping ProtocolHandler ["https-jsse-nio-8443"]
30-Oct-2020 12:38:53.764 INFO [Thread-9] org.apache.coyote.AbstractProtocol.destroy Destroying ProtocolHandler ["http-nio-8080"]
30-Oct-2020 12:38:53.765 INFO [Thread-9] org.apache.coyote.AbstractProtocol.destroy Destroying ProtocolHandler ["https-jsse-nio-8443"]
30-Oct-2020 12:39:05.502 INFO [main] org.apache.catalina.startup.VersionLoggerListener.log Server version name:   Apache Tomcat/9.0.22
30-Oct-2020 12:39:05.503 INFO [main] org.apache.catalina.startup.VersionLoggerListener.log Server built:          Jul 4 2019 14:20:06 UTC
30-Oct-2020 12:39:05.503 INFO [main] org.apache.catalina.startup.VersionLoggerListener.log Server version number: 9.0.22.0
30-Oct-2020 12:39:05.503 INFO [main] org.apache.catalina.startup.VersionLoggerListener.log OS Name:               Linux
30-Oct-2020 12:39:05.503 INFO [main] org.apache.catalina.startup.VersionLoggerListener.log OS Version:            5.4.0-52-generic
30-Oct-2020 12:39:05.503 INFO [main] org.apache.catalina.startup.VersionLoggerListener.log Architecture:          amd64
30-Oct-2020 12:39:05.503 INFO [main] org.apache.catalina.startup.VersionLoggerListener.log Java Home:             /home/poongkabilan/Documents/SmartFoxServer_2X/jre
30-Oct-2020 12:39:05.503 INFO [main] org.apache.catalina.startup.VersionLoggerListener.log JVM Version:           1.8.0_222-b10
30-Oct-2020 12:39:05.503 INFO [main] org.apache.catalina.startup.VersionLoggerListener.log JVM Vendor:            AdoptOpenJDK
30-Oct-2020 12:39:05.503 INFO [main] org.apache.catalina.startup.VersionLoggerListener.log CATALINA_BASE:         /home/poongkabilan/Documents/SmartFoxServer_2X/SFS2X/lib/apache-tomcat
30-Oct-2020 12:39:05.503 INFO [main] org.apache.catalina.startup.VersionLoggerListener.log CATALINA_HOME:         /home/poongkabilan/Documents/SmartFoxServer_2X/SFS2X/lib/apache-tomcat
30-Oct-2020 12:39:05.504 INFO [main] org.apache.catalina.startup.VersionLoggerListener.log Command line argument: -Dfile.encoding=UTF-8
30-Oct-2020 12:39:05.504 INFO [main] org.apache.catalina.core.AprLifecycleListener.lifecycleEvent The APR based Apache Tomcat Native library which allows optimal performance in production environments was not found on the java.library.path: [/usr/java/packages/lib/amd64:/usr/lib64:/lib64:/lib:/usr/lib]
30-Oct-2020 12:39:05.881 INFO [main] org.apache.coyote.AbstractProtocol.init Initializing ProtocolHandler ["http-nio-8080"]
30-Oct-2020 12:39:05.901 INFO [main] org.apache.coyote.AbstractProtocol.init Initializing ProtocolHandler ["https-jsse-nio-8443"]
30-Oct-2020 12:39:06.358 INFO [main] org.apache.catalina.startup.Catalina.load Server initialization in [1,052] milliseconds
30-Oct-2020 12:39:06.393 INFO [main] org.apache.catalina.core.StandardService.startInternal Starting service [Catalina]
30-Oct-2020 12:39:06.393 INFO [main] org.apache.catalina.core.StandardEngine.startInternal Starting Servlet engine: [Apache Tomcat/9.0.22]
30-Oct-2020 12:39:06.429 INFO [main] org.apache.catalina.startup.HostConfig.deployWAR Deploying web application archive [/home/poongkabilan/Documents/SmartFoxServer_2X/SFS2X/www/BlueBox.war]
30-Oct-2020 12:39:08.245 INFO [main] org.apache.jasper.servlet.TldScanner.scanJars At least one JAR was scanned for TLDs yet contained no TLDs. Enable debug logging for this logger for a complete list of JARs that were scanned but no TLDs were found in them. Skipping unneeded JARs during scanning can improve startup time and JSP compilation time.
30-Oct-2020 12:39:08.280 INFO [main] org.apache.catalina.startup.HostConfig.deployWAR Deployment of web application archive [/home/poongkabilan/Documents/SmartFoxServer_2X/SFS2X/www/BlueBox.war] has finished in [1,851] ms
30-Oct-2020 12:39:08.281 INFO [main] org.apache.catalina.startup.HostConfig.deployDirectory Deploying web application directory [/home/poongkabilan/Documents/SmartFoxServer_2X/SFS2X/www/host-manager]
30-Oct-2020 12:39:09.868 INFO [main] org.apache.jasper.servlet.TldScanner.scanJars At least one JAR was scanned for TLDs yet contained no TLDs. Enable debug logging for this logger for a complete list of JARs that were scanned but no TLDs were found in them. Skipping unneeded JARs during scanning can improve startup time and JSP compilation time.
30-Oct-2020 12:39:09.873 INFO [main] org.apache.catalina.startup.HostConfig.deployDirectory Deployment of web application directory [/home/poongkabilan/Documents/SmartFoxServer_2X/SFS2X/www/host-manager] has finished in [1,592] ms
30-Oct-2020 12:39:09.873 INFO [main] org.apache.catalina.startup.HostConfig.deployDirectory Deploying web application directory [/home/poongkabilan/Documents/SmartFoxServer_2X/SFS2X/www/ROOT]
30-Oct-2020 12:39:11.398 INFO [main] org.apache.jasper.servlet.TldScanner.scanJars At least one JAR was scanned for TLDs yet contained no TLDs. Enable debug logging for this logger for a complete list of JARs that were scanned but no TLDs were found in them. Skipping unneeded JARs during scanning can improve startup time and JSP compilation time.
30-Oct-2020 12:39:11.401 INFO [main] org.apache.catalina.startup.HostConfig.deployDirectory Deployment of web application directory [/home/poongkabilan/Documents/SmartFoxServer_2X/SFS2X/www/ROOT] has finished in [1,527] ms
30-Oct-2020 12:39:11.401 INFO [main] org.apache.catalina.startup.HostConfig.deployDirectory Deploying web application directory [/home/poongkabilan/Documents/SmartFoxServer_2X/SFS2X/www/manager]
30-Oct-2020 12:39:12.824 INFO [main] org.apache.jasper.servlet.TldScanner.scanJars At least one JAR was scanned for TLDs yet contained no TLDs. Enable debug logging for this logger for a complete list of JARs that were scanned but no TLDs were found in them. Skipping unneeded JARs during scanning can improve startup time and JSP compilation time.
30-Oct-2020 12:39:12.826 INFO [main] org.apache.catalina.startup.HostConfig.deployDirectory Deployment of web application directory [/home/poongkabilan/Documents/SmartFoxServer_2X/SFS2X/www/manager] has finished in [1,425] ms
30-Oct-2020 12:39:12.827 INFO [main] org.apache.catalina.startup.HostConfig.deployDirectory Deploying web application directory [/home/poongkabilan/Documents/SmartFoxServer_2X/SFS2X/www/HelloServlet]
30-Oct-2020 12:39:14.117 INFO [main] org.apache.jasper.servlet.TldScanner.scanJars At least one JAR was scanned for TLDs yet contained no TLDs. Enable debug logging for this logger for a complete list of JARs that were scanned but no TLDs were found in them. Skipping unneeded JARs during scanning can improve startup time and JSP compilation time.
30-Oct-2020 12:39:14.119 INFO [main] org.apache.catalina.startup.HostConfig.deployDirectory Deployment of web application directory [/home/poongkabilan/Documents/SmartFoxServer_2X/SFS2X/www/HelloServlet] has finished in [1,293] ms
30-Oct-2020 12:39:14.119 INFO [main] org.apache.catalina.startup.HostConfig.deployDirectory Deploying web application directory [/home/poongkabilan/Documents/SmartFoxServer_2X/SFS2X/www/logsBackup]
30-Oct-2020 12:39:15.373 INFO [main] org.apache.jasper.servlet.TldScanner.scanJars At least one JAR was scanned for TLDs yet contained no TLDs. Enable debug logging for this logger for a complete list of JARs that were scanned but no TLDs were found in them. Skipping unneeded JARs during scanning can improve startup time and JSP compilation time.
30-Oct-2020 12:39:15.376 INFO [main] org.apache.catalina.startup.HostConfig.deployDirectory Deployment of web application directory [/home/poongkabilan/Documents/SmartFoxServer_2X/SFS2X/www/logsBackup] has finished in [1,257] ms
30-Oct-2020 12:39:15.383 INFO [main] org.apache.coyote.AbstractProtocol.start Starting ProtocolHandler ["http-nio-8080"]
30-Oct-2020 12:39:15.398 INFO [main] org.apache.coyote.AbstractProtocol.start Starting ProtocolHandler ["https-jsse-nio-8443"]
30-Oct-2020 12:39:15.401 INFO [main] org.apache.catalina.startup.Catalina.start Server startup in [9,042] milliseconds
30-Oct-2020 23:03:22.975 INFO [Thread-9] org.apache.coyote.AbstractProtocol.pause Pausing ProtocolHandler ["http-nio-8080"]
30-Oct-2020 23:03:22.992 INFO [Thread-9] org.apache.coyote.AbstractProtocol.pause Pausing ProtocolHandler ["https-jsse-nio-8443"]
30-Oct-2020 23:03:22.998 INFO [Thread-9] org.apache.catalina.core.StandardService.stopInternal Stopping service [Catalina]
30-Oct-2020 23:03:23.049 INFO [Thread-9] org.apache.coyote.AbstractProtocol.stop Stopping ProtocolHandler ["http-nio-8080"]
30-Oct-2020 23:03:23.051 INFO [Thread-9] org.apache.coyote.AbstractProtocol.stop Stopping ProtocolHandler ["https-jsse-nio-8443"]
30-Oct-2020 23:03:23.054 INFO [Thread-9] org.apache.coyote.AbstractProtocol.destroy Destroying ProtocolHandler ["http-nio-8080"]
30-Oct-2020 23:03:23.054 INFO [Thread-9] org.apache.coyote.AbstractProtocol.destroy Destroying ProtocolHandler ["https-jsse-nio-8443"]
